This is pdfTeX, Version 3.14159265-2.6-1.40.18 (TeX Live 2017/Debian) (preloaded format=pdflatex 2018.5.8)  25 MAY 2018 18:07
entering extended mode
 restricted \write18 enabled.
 %&-line parsing enabled.
**ppt.tex
(./ppt.tex
LaTeX2e <2017-04-15>
Babel <3.18> and hyphenation patterns for 84 language(s) loaded.
(/usr/share/texlive/texmf-dist/tex/latex/beamer/beamer.cls
Document Class: beamer 2018/02/20 v3.50 A class for typesetting presentations
(/usr/share/texlive/texmf-dist/tex/latex/beamer/beamerbasemodes.sty
(/usr/share/texlive/texmf-dist/tex/latex/etoolbox/etoolbox.sty
Package: etoolbox 2018/02/11 v2.5e e-TeX tools for LaTeX (JAW)
\etb@tempcnta=\count79
)
\beamer@tempbox=\box26
\beamer@tempcount=\count80
\c@beamerpauses=\count81

(/usr/share/texlive/texmf-dist/tex/latex/beamer/beamerbasedecode.sty
\beamer@slideinframe=\count82
\beamer@minimum=\count83
)
\beamer@commentbox=\box27
\beamer@modecount=\count84
)
(/usr/share/texlive/texmf-dist/tex/generic/oberdiek/ifpdf.sty
Package: ifpdf 2017/03/15 v3.2 Provides the ifpdf switch
)
\headdp=\dimen102
\footheight=\dimen103
\sidebarheight=\dimen104
\beamer@tempdim=\dimen105
\beamer@finalheight=\dimen106
\beamer@animht=\dimen107
\beamer@animdp=\dimen108
\beamer@animwd=\dimen109
\beamer@leftmargin=\dimen110
\beamer@rightmargin=\dimen111
\beamer@leftsidebar=\dimen112
\beamer@rightsidebar=\dimen113
\beamer@boxsize=\dimen114
\beamer@vboxoffset=\dimen115
\beamer@descdefault=\dimen116
\beamer@descriptionwidth=\dimen117
\beamer@lastskip=\skip41
\beamer@areabox=\box28
\beamer@animcurrent=\box29
\beamer@animshowbox=\box30
\beamer@sectionbox=\box31
\beamer@logobox=\box32
\beamer@linebox=\box33
\beamer@sectioncount=\count85
\beamer@subsubsectionmax=\count86
\beamer@subsectionmax=\count87
\beamer@sectionmax=\count88
\beamer@totalheads=\count89
\beamer@headcounter=\count90
\beamer@partstartpage=\count91
\beamer@sectionstartpage=\count92
\beamer@subsectionstartpage=\count93
\beamer@animationtempa=\count94
\beamer@animationtempb=\count95
\beamer@xpos=\count96
\beamer@ypos=\count97
\beamer@ypos@offset=\count98
\beamer@showpartnumber=\count99
\beamer@currentsubsection=\count100
\beamer@coveringdepth=\count101
\beamer@sectionadjust=\count102
\beamer@tocsectionnumber=\count103

(/usr/share/texlive/texmf-dist/tex/latex/beamer/beamerbaseoptions.sty
(/usr/share/texlive/texmf-dist/tex/latex/graphics/keyval.sty
Package: keyval 2014/10/28 v1.15 key=value parser (DPC)
\KV@toks@=\toks14
))
\beamer@paperwidth=\skip42
\beamer@paperheight=\skip43

(/usr/share/texlive/texmf-dist/tex/latex/geometry/geometry.sty
Package: geometry 2010/09/12 v5.6 Page Geometry

(/usr/share/texlive/texmf-dist/tex/generic/oberdiek/ifvtex.sty
Package: ifvtex 2016/05/16 v1.6 Detect VTeX and its facilities (HO)
Package ifvtex Info: VTeX not detected.
)
(/usr/share/texlive/texmf-dist/tex/generic/ifxetex/ifxetex.sty
Package: ifxetex 2010/09/12 v0.6 Provides ifxetex conditional
)
\Gm@cnth=\count104
\Gm@cntv=\count105
\c@Gm@tempcnt=\count106
\Gm@bindingoffset=\dimen118
\Gm@wd@mp=\dimen119
\Gm@odd@mp=\dimen120
\Gm@even@mp=\dimen121
\Gm@layoutwidth=\dimen122
\Gm@layoutheight=\dimen123
\Gm@layouthoffset=\dimen124
\Gm@layoutvoffset=\dimen125
\Gm@dimlist=\toks15
)
(/usr/share/texlive/texmf-dist/tex/latex/base/size10.clo
File: size10.clo 2014/09/29 v1.4h Standard LaTeX file (size option)
)
(/usr/share/texlive/texmf-dist/tex/latex/pgf/basiclayer/pgfcore.sty
(/usr/share/texlive/texmf-dist/tex/latex/graphics/graphicx.sty
Package: graphicx 2017/06/01 v1.1a Enhanced LaTeX Graphics (DPC,SPQR)

(/usr/share/texlive/texmf-dist/tex/latex/graphics/graphics.sty
Package: graphics 2017/06/25 v1.2c Standard LaTeX Graphics (DPC,SPQR)

(/usr/share/texlive/texmf-dist/tex/latex/graphics/trig.sty
Package: trig 2016/01/03 v1.10 sin cos tan (DPC)
)
(/usr/share/texlive/texmf-dist/tex/latex/graphics-cfg/graphics.cfg
File: graphics.cfg 2016/06/04 v1.11 sample graphics configuration
)
Package graphics Info: Driver file: pdftex.def on input line 99.

(/usr/share/texlive/texmf-dist/tex/latex/graphics-def/pdftex.def
File: pdftex.def 2018/01/08 v1.0l Graphics/color driver for pdftex
))
\Gin@req@height=\dimen126
\Gin@req@width=\dimen127
)
(/usr/share/texlive/texmf-dist/tex/latex/pgf/systemlayer/pgfsys.sty
(/usr/share/texlive/texmf-dist/tex/latex/pgf/utilities/pgfrcs.sty
(/usr/share/texlive/texmf-dist/tex/generic/pgf/utilities/pgfutil-common.tex
\pgfutil@everybye=\toks16
\pgfutil@tempdima=\dimen128
\pgfutil@tempdimb=\dimen129

(/usr/share/texlive/texmf-dist/tex/generic/pgf/utilities/pgfutil-common-lists.t
ex)) (/usr/share/texlive/texmf-dist/tex/generic/pgf/utilities/pgfutil-latex.def
\pgfutil@abb=\box34
(/usr/share/texlive/texmf-dist/tex/latex/ms/everyshi.sty
Package: everyshi 2001/05/15 v3.00 EveryShipout Package (MS)
))
(/usr/share/texlive/texmf-dist/tex/generic/pgf/utilities/pgfrcs.code.tex
Package: pgfrcs 2015/08/07 v3.0.1a (rcs-revision 1.31)
))
(/usr/share/texlive/texmf-dist/tex/generic/pgf/systemlayer/pgfsys.code.tex
Package: pgfsys 2014/07/09 v3.0.1a (rcs-revision 1.48)

(/usr/share/texlive/texmf-dist/tex/generic/pgf/utilities/pgfkeys.code.tex
\pgfkeys@pathtoks=\toks17
\pgfkeys@temptoks=\toks18

(/usr/share/texlive/texmf-dist/tex/generic/pgf/utilities/pgfkeysfiltered.code.t
ex
\pgfkeys@tmptoks=\toks19
))
\pgf@x=\dimen130
\pgf@y=\dimen131
\pgf@xa=\dimen132
\pgf@ya=\dimen133
\pgf@xb=\dimen134
\pgf@yb=\dimen135
\pgf@xc=\dimen136
\pgf@yc=\dimen137
\w@pgf@writea=\write3
\r@pgf@reada=\read1
\c@pgf@counta=\count107
\c@pgf@countb=\count108
\c@pgf@countc=\count109
\c@pgf@countd=\count110
\t@pgf@toka=\toks20
\t@pgf@tokb=\toks21
\t@pgf@tokc=\toks22
 (/usr/share/texlive/texmf-dist/tex/generic/pgf/systemlayer/pgf.cfg
File: pgf.cfg 2008/05/14  (rcs-revision 1.7)
)
Driver file for pgf: pgfsys-pdftex.def

(/usr/share/texlive/texmf-dist/tex/generic/pgf/systemlayer/pgfsys-pdftex.def
File: pgfsys-pdftex.def 2014/10/11  (rcs-revision 1.35)

(/usr/share/texlive/texmf-dist/tex/generic/pgf/systemlayer/pgfsys-common-pdf.de
f
File: pgfsys-common-pdf.def 2013/10/10  (rcs-revision 1.13)
)))
(/usr/share/texlive/texmf-dist/tex/generic/pgf/systemlayer/pgfsyssoftpath.code.
tex
File: pgfsyssoftpath.code.tex 2013/09/09  (rcs-revision 1.9)
\pgfsyssoftpath@smallbuffer@items=\count111
\pgfsyssoftpath@bigbuffer@items=\count112
)
(/usr/share/texlive/texmf-dist/tex/generic/pgf/systemlayer/pgfsysprotocol.code.
tex
File: pgfsysprotocol.code.tex 2006/10/16  (rcs-revision 1.4)
)) (/usr/share/texlive/texmf-dist/tex/latex/xcolor/xcolor.sty
Package: xcolor 2016/05/11 v2.12 LaTeX color extensions (UK)

(/usr/share/texlive/texmf-dist/tex/latex/graphics-cfg/color.cfg
File: color.cfg 2016/01/02 v1.6 sample color configuration
)
Package xcolor Info: Driver file: pdftex.def on input line 225.
Package xcolor Info: Model `cmy' substituted by `cmy0' on input line 1348.
Package xcolor Info: Model `hsb' substituted by `rgb' on input line 1352.
Package xcolor Info: Model `RGB' extended on input line 1364.
Package xcolor Info: Model `HTML' substituted by `rgb' on input line 1366.
Package xcolor Info: Model `Hsb' substituted by `hsb' on input line 1367.
Package xcolor Info: Model `tHsb' substituted by `hsb' on input line 1368.
Package xcolor Info: Model `HSB' substituted by `hsb' on input line 1369.
Package xcolor Info: Model `Gray' substituted by `gray' on input line 1370.
Package xcolor Info: Model `wave' substituted by `hsb' on input line 1371.
)
(/usr/share/texlive/texmf-dist/tex/generic/pgf/basiclayer/pgfcore.code.tex
Package: pgfcore 2010/04/11 v3.0.1a (rcs-revision 1.7)

(/usr/share/texlive/texmf-dist/tex/generic/pgf/math/pgfmath.code.tex
(/usr/share/texlive/texmf-dist/tex/generic/pgf/math/pgfmathcalc.code.tex
(/usr/share/texlive/texmf-dist/tex/generic/pgf/math/pgfmathutil.code.tex)
(/usr/share/texlive/texmf-dist/tex/generic/pgf/math/pgfmathparser.code.tex
\pgfmath@dimen=\dimen138
\pgfmath@count=\count113
\pgfmath@box=\box35
\pgfmath@toks=\toks23
\pgfmath@stack@operand=\toks24
\pgfmath@stack@operation=\toks25
)
(/usr/share/texlive/texmf-dist/tex/generic/pgf/math/pgfmathfunctions.code.tex
(/usr/share/texlive/texmf-dist/tex/generic/pgf/math/pgfmathfunctions.basic.code
.tex)
(/usr/share/texlive/texmf-dist/tex/generic/pgf/math/pgfmathfunctions.trigonomet
ric.code.tex)
(/usr/share/texlive/texmf-dist/tex/generic/pgf/math/pgfmathfunctions.random.cod
e.tex)
(/usr/share/texlive/texmf-dist/tex/generic/pgf/math/pgfmathfunctions.comparison
.code.tex)
(/usr/share/texlive/texmf-dist/tex/generic/pgf/math/pgfmathfunctions.base.code.
tex)
(/usr/share/texlive/texmf-dist/tex/generic/pgf/math/pgfmathfunctions.round.code
.tex)
(/usr/share/texlive/texmf-dist/tex/generic/pgf/math/pgfmathfunctions.misc.code.
tex)
(/usr/share/texlive/texmf-dist/tex/generic/pgf/math/pgfmathfunctions.integerari
thmetics.code.tex)))
(/usr/share/texlive/texmf-dist/tex/generic/pgf/math/pgfmathfloat.code.tex
\c@pgfmathroundto@lastzeros=\count114
))
(/usr/share/texlive/texmf-dist/tex/generic/pgf/basiclayer/pgfcorepoints.code.te
x
File: pgfcorepoints.code.tex 2013/10/07  (rcs-revision 1.27)
\pgf@picminx=\dimen139
\pgf@picmaxx=\dimen140
\pgf@picminy=\dimen141
\pgf@picmaxy=\dimen142
\pgf@pathminx=\dimen143
\pgf@pathmaxx=\dimen144
\pgf@pathminy=\dimen145
\pgf@pathmaxy=\dimen146
\pgf@xx=\dimen147
\pgf@xy=\dimen148
\pgf@yx=\dimen149
\pgf@yy=\dimen150
\pgf@zx=\dimen151
\pgf@zy=\dimen152
)
(/usr/share/texlive/texmf-dist/tex/generic/pgf/basiclayer/pgfcorepathconstruct.
code.tex
File: pgfcorepathconstruct.code.tex 2013/10/07  (rcs-revision 1.29)
\pgf@path@lastx=\dimen153
\pgf@path@lasty=\dimen154
)
(/usr/share/texlive/texmf-dist/tex/generic/pgf/basiclayer/pgfcorepathusage.code
.tex
File: pgfcorepathusage.code.tex 2014/11/02  (rcs-revision 1.24)
\pgf@shorten@end@additional=\dimen155
\pgf@shorten@start@additional=\dimen156
)
(/usr/share/texlive/texmf-dist/tex/generic/pgf/basiclayer/pgfcorescopes.code.te
x
File: pgfcorescopes.code.tex 2015/05/08  (rcs-revision 1.46)
\pgfpic=\box36
\pgf@hbox=\box37
\pgf@layerbox@main=\box38
\pgf@picture@serial@count=\count115
)
(/usr/share/texlive/texmf-dist/tex/generic/pgf/basiclayer/pgfcoregraphicstate.c
ode.tex
File: pgfcoregraphicstate.code.tex 2014/11/02  (rcs-revision 1.12)
\pgflinewidth=\dimen157
)
(/usr/share/texlive/texmf-dist/tex/generic/pgf/basiclayer/pgfcoretransformation
s.code.tex
File: pgfcoretransformations.code.tex 2015/08/07  (rcs-revision 1.20)
\pgf@pt@x=\dimen158
\pgf@pt@y=\dimen159
\pgf@pt@temp=\dimen160
)
(/usr/share/texlive/texmf-dist/tex/generic/pgf/basiclayer/pgfcorequick.code.tex
File: pgfcorequick.code.tex 2008/10/09  (rcs-revision 1.3)
)
(/usr/share/texlive/texmf-dist/tex/generic/pgf/basiclayer/pgfcoreobjects.code.t
ex
File: pgfcoreobjects.code.tex 2006/10/11  (rcs-revision 1.2)
)
(/usr/share/texlive/texmf-dist/tex/generic/pgf/basiclayer/pgfcorepathprocessing
.code.tex
File: pgfcorepathprocessing.code.tex 2013/09/09  (rcs-revision 1.9)
)
(/usr/share/texlive/texmf-dist/tex/generic/pgf/basiclayer/pgfcorearrows.code.te
x
File: pgfcorearrows.code.tex 2015/05/14  (rcs-revision 1.43)
\pgfarrowsep=\dimen161
)
(/usr/share/texlive/texmf-dist/tex/generic/pgf/basiclayer/pgfcoreshade.code.tex
File: pgfcoreshade.code.tex 2013/07/15  (rcs-revision 1.15)
\pgf@max=\dimen162
\pgf@sys@shading@range@num=\count116
)
(/usr/share/texlive/texmf-dist/tex/generic/pgf/basiclayer/pgfcoreimage.code.tex
File: pgfcoreimage.code.tex 2013/07/15  (rcs-revision 1.18)

(/usr/share/texlive/texmf-dist/tex/generic/pgf/basiclayer/pgfcoreexternal.code.
tex
File: pgfcoreexternal.code.tex 2014/07/09  (rcs-revision 1.21)
\pgfexternal@startupbox=\box39
))
(/usr/share/texlive/texmf-dist/tex/generic/pgf/basiclayer/pgfcorelayers.code.te
x
File: pgfcorelayers.code.tex 2013/07/18  (rcs-revision 1.7)
)
(/usr/share/texlive/texmf-dist/tex/generic/pgf/basiclayer/pgfcoretransparency.c
ode.tex
File: pgfcoretransparency.code.tex 2013/09/30  (rcs-revision 1.5)
)
(/usr/share/texlive/texmf-dist/tex/generic/pgf/basiclayer/pgfcorepatterns.code.
tex
File: pgfcorepatterns.code.tex 2013/11/07  (rcs-revision 1.5)
))) (/usr/share/texlive/texmf-dist/tex/latex/pgf/utilities/xxcolor.sty
Package: xxcolor 2003/10/24 ver 0.1
\XC@nummixins=\count117
\XC@countmixins=\count118
)
(/usr/share/texlive/texmf-dist/tex/generic/oberdiek/atbegshi.sty
Package: atbegshi 2016/06/09 v1.18 At begin shipout hook (HO)

(/usr/share/texlive/texmf-dist/tex/generic/oberdiek/infwarerr.sty
Package: infwarerr 2016/05/16 v1.4 Providing info/warning/error messages (HO)
)
(/usr/share/texlive/texmf-dist/tex/generic/oberdiek/ltxcmds.sty
Package: ltxcmds 2016/05/16 v1.23 LaTeX kernel commands for general use (HO)
))
(/usr/share/texlive/texmf-dist/tex/latex/hyperref/hyperref.sty
Package: hyperref 2018/02/06 v6.86b Hypertext links for LaTeX

(/usr/share/texlive/texmf-dist/tex/generic/oberdiek/hobsub-hyperref.sty
Package: hobsub-hyperref 2016/05/16 v1.14 Bundle oberdiek, subset hyperref (HO)


(/usr/share/texlive/texmf-dist/tex/generic/oberdiek/hobsub-generic.sty
Package: hobsub-generic 2016/05/16 v1.14 Bundle oberdiek, subset generic (HO)
Package: hobsub 2016/05/16 v1.14 Construct package bundles (HO)
Package hobsub Info: Skipping package `infwarerr' (already loaded).
Package hobsub Info: Skipping package `ltxcmds' (already loaded).
Package: ifluatex 2016/05/16 v1.4 Provides the ifluatex switch (HO)
Package ifluatex Info: LuaTeX not detected.
Package hobsub Info: Skipping package `ifvtex' (already loaded).
Package: intcalc 2016/05/16 v1.2 Expandable calculations with integers (HO)
Package hobsub Info: Skipping package `ifpdf' (already loaded).
Package: etexcmds 2016/05/16 v1.6 Avoid name clashes with e-TeX commands (HO)
Package etexcmds Info: Could not find \expanded.
(etexcmds)             That can mean that you are not using pdfTeX 1.50 or
(etexcmds)             that some package has redefined \expanded.
(etexcmds)             In the latter case, load this package earlier.
Package: kvsetkeys 2016/05/16 v1.17 Key value parser (HO)
Package: kvdefinekeys 2016/05/16 v1.4 Define keys (HO)
Package: pdftexcmds 2018/01/21 v0.26 Utility functions of pdfTeX for LuaTeX (HO
)
Package pdftexcmds Info: LuaTeX not detected.
Package pdftexcmds Info: \pdf@primitive is available.
Package pdftexcmds Info: \pdf@ifprimitive is available.
Package pdftexcmds Info: \pdfdraftmode found.
Package: pdfescape 2016/05/16 v1.14 Implements pdfTeX's escape features (HO)
Package: bigintcalc 2016/05/16 v1.4 Expandable calculations on big integers (HO
)
Package: bitset 2016/05/16 v1.2 Handle bit-vector datatype (HO)
Package: uniquecounter 2016/05/16 v1.3 Provide unlimited unique counter (HO)
)
Package hobsub Info: Skipping package `hobsub' (already loaded).
Package: letltxmacro 2016/05/16 v1.5 Let assignment for LaTeX macros (HO)
Package: hopatch 2016/05/16 v1.3 Wrapper for package hooks (HO)
Package: xcolor-patch 2016/05/16 xcolor patch
Package: atveryend 2016/05/16 v1.9 Hooks at the very end of document (HO)
Package hobsub Info: Skipping package `atbegshi' (already loaded).
Package: refcount 2016/05/16 v3.5 Data extraction from label references (HO)
Package: hycolor 2016/05/16 v1.8 Color options for hyperref/bookmark (HO)
)
(/usr/share/texlive/texmf-dist/tex/latex/oberdiek/auxhook.sty
Package: auxhook 2016/05/16 v1.4 Hooks for auxiliary files (HO)
)
(/usr/share/texlive/texmf-dist/tex/latex/oberdiek/kvoptions.sty
Package: kvoptions 2016/05/16 v3.12 Key value format for package options (HO)
)
\@linkdim=\dimen163
\Hy@linkcounter=\count119
\Hy@pagecounter=\count120

(/usr/share/texlive/texmf-dist/tex/latex/hyperref/pd1enc.def
File: pd1enc.def 2018/02/06 v6.86b Hyperref: PDFDocEncoding definition (HO)
)
\Hy@SavedSpaceFactor=\count121

(/usr/share/texlive/texmf-dist/tex/latex/latexconfig/hyperref.cfg
File: hyperref.cfg 2002/06/06 v1.2 hyperref configuration of TeXLive
)
Package hyperref Info: Option `bookmarks' set `true' on input line 4383.
Package hyperref Info: Option `bookmarksopen' set `true' on input line 4383.
Package hyperref Info: Option `implicit' set `false' on input line 4383.
Package hyperref Info: Hyper figures OFF on input line 4509.
Package hyperref Info: Link nesting OFF on input line 4514.
Package hyperref Info: Hyper index ON on input line 4517.
Package hyperref Info: Plain pages OFF on input line 4524.
Package hyperref Info: Backreferencing OFF on input line 4529.
Package hyperref Info: Implicit mode OFF; no redefinition of LaTeX internals.
Package hyperref Info: Bookmarks ON on input line 4762.
\c@Hy@tempcnt=\count122

(/usr/share/texlive/texmf-dist/tex/latex/url/url.sty
\Urlmuskip=\muskip10
Package: url 2013/09/16  ver 3.4  Verb mode for urls, etc.
)
LaTeX Info: Redefining \url on input line 5115.
\XeTeXLinkMargin=\dimen164
\Fld@menulength=\count123
\Field@Width=\dimen165
\Fld@charsize=\dimen166
Package hyperref Info: Hyper figures OFF on input line 6369.
Package hyperref Info: Link nesting OFF on input line 6374.
Package hyperref Info: Hyper index ON on input line 6377.
Package hyperref Info: backreferencing OFF on input line 6384.
Package hyperref Info: Link coloring OFF on input line 6389.
Package hyperref Info: Link coloring with OCG OFF on input line 6394.
Package hyperref Info: PDF/A mode OFF on input line 6399.
LaTeX Info: Redefining \ref on input line 6439.
LaTeX Info: Redefining \pageref on input line 6443.
\Hy@abspage=\count124


Package hyperref Message: Stopped early.

)
Package hyperref Info: Driver (autodetected): hpdftex.
 (/usr/share/texlive/texmf-dist/tex/latex/hyperref/hpdftex.def
File: hpdftex.def 2018/02/06 v6.86b Hyperref driver for pdfTeX
\Fld@listcount=\count125
\c@bookmark@seq@number=\count126

(/usr/share/texlive/texmf-dist/tex/latex/oberdiek/rerunfilecheck.sty
Package: rerunfilecheck 2016/05/16 v1.8 Rerun checks for auxiliary files (HO)
Package uniquecounter Info: New unique counter `rerunfilecheck' on input line 2
82.
))
(/usr/share/texlive/texmf-dist/tex/latex/beamer/beamerbaserequires.sty
(/usr/share/texlive/texmf-dist/tex/latex/beamer/beamerbasecompatibility.sty)
(/usr/share/texlive/texmf-dist/tex/latex/beamer/beamerbasefont.sty
(/usr/share/texlive/texmf-dist/tex/latex/amsfonts/amssymb.sty
Package: amssymb 2013/01/14 v3.01 AMS font symbols

(/usr/share/texlive/texmf-dist/tex/latex/amsfonts/amsfonts.sty
Package: amsfonts 2013/01/14 v3.01 Basic AMSFonts support
\@emptytoks=\toks26
\symAMSa=\mathgroup4
\symAMSb=\mathgroup5
LaTeX Font Info:    Overwriting math alphabet `\mathfrak' in version `bold'
(Font)                  U/euf/m/n --> U/euf/b/n on input line 106.
))
(/usr/share/texlive/texmf-dist/tex/latex/sansmathaccent/sansmathaccent.sty
Package: sansmathaccent 2013/03/28

(/usr/share/texlive/texmf-dist/tex/latex/filehook/filehook.sty
Package: filehook 2011/10/12 v0.5d Hooks for input files
)))
(/usr/share/texlive/texmf-dist/tex/latex/beamer/beamerbasetranslator.sty
(/usr/share/texlive/texmf-dist/tex/latex/translator/translator.sty
Package: translator 2018/01/04 v1.12 Easy translation of strings in LaTeX
))
(/usr/share/texlive/texmf-dist/tex/latex/beamer/beamerbasemisc.sty)
(/usr/share/texlive/texmf-dist/tex/latex/beamer/beamerbasetwoscreens.sty)
(/usr/share/texlive/texmf-dist/tex/latex/beamer/beamerbaseoverlay.sty
\beamer@argscount=\count127
\beamer@lastskipcover=\skip44
\beamer@trivlistdepth=\count128
)
(/usr/share/texlive/texmf-dist/tex/latex/beamer/beamerbasetitle.sty)
(/usr/share/texlive/texmf-dist/tex/latex/beamer/beamerbasesection.sty
\c@lecture=\count129
\c@part=\count130
\c@section=\count131
\c@subsection=\count132
\c@subsubsection=\count133
)
(/usr/share/texlive/texmf-dist/tex/latex/beamer/beamerbaseframe.sty
\beamer@framebox=\box40
\beamer@frametitlebox=\box41
\beamer@zoombox=\box42
\beamer@zoomcount=\count134
\beamer@zoomframecount=\count135
\beamer@frametextheight=\dimen167
\c@subsectionslide=\count136
\beamer@frametopskip=\skip45
\beamer@framebottomskip=\skip46
\beamer@frametopskipautobreak=\skip47
\beamer@framebottomskipautobreak=\skip48
\beamer@envbody=\toks27
\framewidth=\dimen168
\c@framenumber=\count137
)
(/usr/share/texlive/texmf-dist/tex/latex/beamer/beamerbaseverbatim.sty
\beamer@verbatimfileout=\write4
)
(/usr/share/texlive/texmf-dist/tex/latex/beamer/beamerbaseframesize.sty
\beamer@splitbox=\box43
\beamer@autobreakcount=\count138
\beamer@autobreaklastheight=\dimen169
\beamer@frametitletoks=\toks28
\beamer@framesubtitletoks=\toks29
)
(/usr/share/texlive/texmf-dist/tex/latex/beamer/beamerbaseframecomponents.sty
\beamer@footins=\box44
)
(/usr/share/texlive/texmf-dist/tex/latex/beamer/beamerbasecolor.sty
\beamer@bg@ht=\dimen170
\beamer@bg@wd=\dimen171
\beamer@bg@dp=\dimen172
)
(/usr/share/texlive/texmf-dist/tex/latex/beamer/beamerbasenotes.sty
\beamer@frameboxcopy=\box45
)
(/usr/share/texlive/texmf-dist/tex/latex/beamer/beamerbasetoc.sty)
(/usr/share/texlive/texmf-dist/tex/latex/beamer/beamerbasetemplates.sty
\beamer@sbttoks=\toks30

(/usr/share/texlive/texmf-dist/tex/latex/beamer/beamerbaseauxtemplates.sty
(/usr/share/texlive/texmf-dist/tex/latex/beamer/beamerbaseboxes.sty
\bmb@box=\box46
\bmb@colorbox=\box47
\bmb@boxshadow=\box48
\bmb@boxshadowball=\box49
\bmb@boxshadowballlarge=\box50
\bmb@temp=\dimen173
\bmb@dima=\dimen174
\bmb@dimb=\dimen175
\bmb@prevheight=\dimen176
)
\beamer@blockheadheight=\dimen177
))
(/usr/share/texlive/texmf-dist/tex/latex/beamer/beamerbaselocalstructure.sty
(/usr/share/texlive/texmf-dist/tex/latex/tools/enumerate.sty
Package: enumerate 2015/07/23 v3.00 enumerate extensions (DPC)
\@enLab=\toks31
)
\c@figure=\count139
\c@table=\count140
\abovecaptionskip=\skip49
\belowcaptionskip=\skip50
)
(/usr/share/texlive/texmf-dist/tex/latex/beamer/beamerbasenavigation.sty
\beamer@section@min@dim=\dimen178
)
(/usr/share/texlive/texmf-dist/tex/latex/beamer/beamerbasetheorems.sty
(/usr/share/texlive/texmf-dist/tex/latex/amsmath/amsmath.sty
Package: amsmath 2017/09/02 v2.17a AMS math features
\@mathmargin=\skip51

For additional information on amsmath, use the `?' option.
(/usr/share/texlive/texmf-dist/tex/latex/amsmath/amstext.sty
Package: amstext 2000/06/29 v2.01 AMS text

(/usr/share/texlive/texmf-dist/tex/latex/amsmath/amsgen.sty
File: amsgen.sty 1999/11/30 v2.0 generic functions
\@emptytoks=\toks32
\ex@=\dimen179
))
(/usr/share/texlive/texmf-dist/tex/latex/amsmath/amsbsy.sty
Package: amsbsy 1999/11/29 v1.2d Bold Symbols
\pmbraise@=\dimen180
)
(/usr/share/texlive/texmf-dist/tex/latex/amsmath/amsopn.sty
Package: amsopn 2016/03/08 v2.02 operator names
)
\inf@bad=\count141
LaTeX Info: Redefining \frac on input line 213.
\uproot@=\count142
\leftroot@=\count143
LaTeX Info: Redefining \overline on input line 375.
\classnum@=\count144
\DOTSCASE@=\count145
LaTeX Info: Redefining \ldots on input line 472.
LaTeX Info: Redefining \dots on input line 475.
LaTeX Info: Redefining \cdots on input line 596.
\Mathstrutbox@=\box51
\strutbox@=\box52
\big@size=\dimen181
LaTeX Font Info:    Redeclaring font encoding OML on input line 712.
LaTeX Font Info:    Redeclaring font encoding OMS on input line 713.
\macc@depth=\count146
\c@MaxMatrixCols=\count147
\dotsspace@=\muskip11
\c@parentequation=\count148
\dspbrk@lvl=\count149
\tag@help=\toks33
\row@=\count150
\column@=\count151
\maxfields@=\count152
\andhelp@=\toks34
\eqnshift@=\dimen182
\alignsep@=\dimen183
\tagshift@=\dimen184
\tagwidth@=\dimen185
\totwidth@=\dimen186
\lineht@=\dimen187
\@envbody=\toks35
\multlinegap=\skip52
\multlinetaggap=\skip53
\mathdisplay@stack=\toks36
LaTeX Info: Redefining \[ on input line 2817.
LaTeX Info: Redefining \] on input line 2818.
)
(/usr/share/texlive/texmf-dist/tex/latex/amscls/amsthm.sty
Package: amsthm 2017/10/31 v2.20.4
\thm@style=\toks37
\thm@bodyfont=\toks38
\thm@headfont=\toks39
\thm@notefont=\toks40
\thm@headpunct=\toks41
\thm@preskip=\skip54
\thm@postskip=\skip55
\thm@headsep=\skip56
\dth@everypar=\toks42
)
\c@theorem=\count153
)
(/usr/share/texlive/texmf-dist/tex/latex/beamer/beamerbasethemes.sty))
(/usr/share/texlive/texmf-dist/tex/latex/beamer/beamerthemedefault.sty
(/usr/share/texlive/texmf-dist/tex/latex/beamer/beamerfontthemedefault.sty)
(/usr/share/texlive/texmf-dist/tex/latex/beamer/beamercolorthemedefault.sty)
(/usr/share/texlive/texmf-dist/tex/latex/beamer/beamerinnerthemedefault.sty
\beamer@dima=\dimen188
\beamer@dimb=\dimen189
)
(/usr/share/texlive/texmf-dist/tex/latex/beamer/beamerouterthemedefault.sty)))
(/usr/share/texlive/texmf-dist/tex/latex/beamer/beamerthemeGoettingen.sty
(/usr/share/texlive/texmf-dist/tex/latex/beamer/beamerouterthemesidebar.sty
\beamer@sidebarwidth=\dimen190
\beamer@headheight=\dimen191
))
(/usr/share/texlive/texmf-dist/tex/latex/booktabs/booktabs.sty
Package: booktabs 2016/04/27 v1.618033 publication quality tables
\heavyrulewidth=\dimen192
\lightrulewidth=\dimen193
\cmidrulewidth=\dimen194
\belowrulesep=\dimen195
\belowbottomsep=\dimen196
\aboverulesep=\dimen197
\abovetopsep=\dimen198
\cmidrulesep=\dimen199
\cmidrulekern=\dimen256
\defaultaddspace=\dimen257
\@cmidla=\count154
\@cmidlb=\count155
\@aboverulesep=\dimen258
\@belowrulesep=\dimen259
\@thisruleclass=\count156
\@lastruleclass=\count157
\@thisrulewidth=\dimen260
)
(/usr/share/texlive/texmf-dist/tex/latex/caption/caption.sty
Package: caption 2016/02/21 v3.3-144 Customizing captions (AR)

(/usr/share/texlive/texmf-dist/tex/latex/caption/caption3.sty
Package: caption3 2016/05/22 v1.7-166 caption3 kernel (AR)
Package caption3 Info: TeX engine: e-TeX on input line 67.
\captionmargin=\dimen261
\captionmargin@=\dimen262
\captionwidth=\dimen263
\caption@tempdima=\dimen264
\caption@indent=\dimen265
\caption@parindent=\dimen266
\caption@hangindent=\dimen267
)
\c@ContinuedFloat=\count158
Package caption Info: beamer document class.
Package caption Info: hyperref package is loaded.
Package caption Info: Hyperref support is turned off
(caption)             because hyperref has stopped early.
)
(/usr/share/texlive/texmf-dist/tex/latex/media9/media9.sty
(/usr/share/texlive/texmf-dist/tex/latex/l3kernel/expl3.sty
Package: expl3 2018/02/21 L3 programming layer (loader) 

(/usr/share/texlive/texmf-dist/tex/latex/l3kernel/expl3-code.tex
Package: expl3 2018/02/21 L3 programming layer (code)
\c_max_int=\count159
\l_tmpa_int=\count160
\l_tmpb_int=\count161
\g_tmpa_int=\count162
\g_tmpb_int=\count163
\g__intarray_font_int=\count164
\g__prg_map_int=\count165
\c_log_iow=\count166
\l_iow_line_count_int=\count167
\l__iow_line_target_int=\count168
\l__iow_one_indent_int=\count169
\l__iow_indent_int=\count170
\c_zero_dim=\dimen268
\c_max_dim=\dimen269
\l_tmpa_dim=\dimen270
\l_tmpb_dim=\dimen271
\g_tmpa_dim=\dimen272
\g_tmpb_dim=\dimen273
\c_zero_skip=\skip57
\c_max_skip=\skip58
\l_tmpa_skip=\skip59
\l_tmpb_skip=\skip60
\g_tmpa_skip=\skip61
\g_tmpb_skip=\skip62
\c_zero_muskip=\muskip12
\c_max_muskip=\muskip13
\l_tmpa_muskip=\muskip14
\l_tmpb_muskip=\muskip15
\g_tmpa_muskip=\muskip16
\g_tmpb_muskip=\muskip17
\l_keys_choice_int=\count171
\c__fp_leading_shift_int=\count172
\c__fp_middle_shift_int=\count173
\c__fp_trailing_shift_int=\count174
\c__fp_big_leading_shift_int=\count175
\c__fp_big_middle_shift_int=\count176
\c__fp_big_trailing_shift_int=\count177
\c__fp_Bigg_leading_shift_int=\count178
\c__fp_Bigg_middle_shift_int=\count179
\c__fp_Bigg_trailing_shift_int=\count180
\c__fp_rand_size_int=\count181
\c__fp_rand_four_int=\count182
\c__fp_rand_eight_int=\count183
\l__sort_length_int=\count184
\l__sort_min_int=\count185
\l__sort_top_int=\count186
\l__sort_max_int=\count187
\l__sort_true_max_int=\count188
\l__sort_block_int=\count189
\l__sort_begin_int=\count190
\l__sort_end_int=\count191
\l__sort_A_int=\count192
\l__sort_B_int=\count193
\l__sort_C_int=\count194
\l__tl_build_start_index_int=\count195
\l__tl_build_index_int=\count196
\l__tl_analysis_normal_int=\count197
\l__tl_analysis_index_int=\count198
\l__tl_analysis_nesting_int=\count199
\l__tl_analysis_type_int=\count266
\l__regex_internal_a_int=\count267
\l__regex_internal_b_int=\count268
\l__regex_internal_c_int=\count269
\l__regex_balance_int=\count270
\l__regex_group_level_int=\count271
\l__regex_mode_int=\count272
\c__regex_cs_in_class_mode_int=\count273
\c__regex_cs_mode_int=\count274
\l__regex_catcodes_int=\count275
\l__regex_default_catcodes_int=\count276
\c__regex_catcode_D_int=\count277
\c__regex_catcode_S_int=\count278
\c__regex_catcode_L_int=\count279
\c__regex_catcode_O_int=\count280
\c__regex_catcode_A_int=\count281
\c__regex_all_catcodes_int=\count282
\l__regex_show_lines_int=\count283
\l__regex_min_state_int=\count284
\l__regex_max_state_int=\count285
\l__regex_left_state_int=\count286
\l__regex_right_state_int=\count287
\l__regex_capturing_group_int=\count288
\l__regex_min_pos_int=\count289
\l__regex_max_pos_int=\count290
\l__regex_curr_pos_int=\count291
\l__regex_start_pos_int=\count292
\l__regex_success_pos_int=\count293
\l__regex_curr_char_int=\count294
\l__regex_curr_catcode_int=\count295
\l__regex_last_char_int=\count296
\l__regex_case_changed_char_int=\count297
\l__regex_curr_state_int=\count298
\l__regex_step_int=\count299
\l__regex_min_active_int=\count300
\l__regex_max_active_int=\count301
\l__regex_replacement_csnames_int=\count302
\l__regex_match_count_int=\count303
\l__regex_min_submatch_int=\count304
\l__regex_submatch_int=\count305
\l__regex_zeroth_submatch_int=\count306
\g__regex_trace_regex_int=\count307
\c_empty_box=\box53
\l_tmpa_box=\box54
\l_tmpb_box=\box55
\g_tmpa_box=\box56
\g_tmpb_box=\box57
\l__box_top_dim=\dimen274
\l__box_bottom_dim=\dimen275
\l__box_left_dim=\dimen276
\l__box_right_dim=\dimen277
\l__box_top_new_dim=\dimen278
\l__box_bottom_new_dim=\dimen279
\l__box_left_new_dim=\dimen280
\l__box_right_new_dim=\dimen281
\l__box_internal_box=\box58
\l__coffin_internal_box=\box59
\l__coffin_internal_dim=\dimen282
\l__coffin_offset_x_dim=\dimen283
\l__coffin_offset_y_dim=\dimen284
\l__coffin_x_dim=\dimen285
\l__coffin_y_dim=\dimen286
\l__coffin_x_prime_dim=\dimen287
\l__coffin_y_prime_dim=\dimen288
\c_empty_coffin=\box60
\l__coffin_aligned_coffin=\box61
\l__coffin_aligned_internal_coffin=\box62
\l_tmpa_coffin=\box63
\l_tmpb_coffin=\box64
\l__coffin_display_coffin=\box65
\l__coffin_display_coord_coffin=\box66
\l__coffin_display_pole_coffin=\box67
\l__coffin_display_offset_dim=\dimen289
\l__coffin_display_x_dim=\dimen290
\l__coffin_display_y_dim=\dimen291
\l__coffin_bounding_shift_dim=\dimen292
\l__coffin_left_corner_dim=\dimen293
\l__coffin_right_corner_dim=\dimen294
\l__coffin_bottom_corner_dim=\dimen295
\l__coffin_top_corner_dim=\dimen296
\l__coffin_scaled_total_height_dim=\dimen297
\l__coffin_scaled_width_dim=\dimen298
)
(/usr/share/texlive/texmf-dist/tex/latex/l3kernel/l3pdfmode.def
File: l3pdfmode.def 2017/03/18 v L3 Experimental driver: PDF mode
\l__driver_color_stack_int=\count308
\l__driver_tmp_box=\box68
))
(/usr/share/texlive/texmf-dist/tex/latex/l3packages/l3keys2e/l3keys2e.sty
Package: l3keys2e 2018/02/21 LaTeX2e option processing using LaTeX3 keys
)
(/usr/share/texlive/texmf-dist/tex/latex/l3packages/xparse/xparse.sty
Package: xparse 2018/02/21 L3 Experimental document command parser
\l__xparse_current_arg_int=\count309
\g__xparse_grabber_int=\count310
\l__xparse_m_args_int=\count311
\l__xparse_mandatory_args_int=\count312
\l__xparse_v_nesting_int=\count313
)
Package: media9 2018/02/28 v0.90 acrobat-9/X compatible media
\g_mix_pkgresizeflag_int=\count314

(/usr/share/texlive/texmf-dist/tex/latex/media9/pdfbase.sty
Package: pdfbase 2018/02/28 v0.21 driver independent access to low-level PDF fe
atures
\g_pbs_page_int=\count315
\g_pbs_oc_int=\count316
)
(/usr/share/texlive/texmf-dist/tex/latex/ocgx2/ocgbase.sty
Package: ocgbase 2017/09/29 v0.12 support package for ocgx2.sty
\g_ocgbase_nd_int=\count317
)
\l_mix_poster_box=\box69
\g_mix_wd_dim=\dimen299
\g_mix_ht_dim=\dimen300
\g_mix_dp_dim=\dimen301
\g_mix_rmcnt_int=\count318
\l_mix_viewcnt_int=\count319
\g@mix@page@int=\count320
\g_mix_resizeflag_int=\count321
\l_mix_lineno_int=\count322
.................................................
. LaTeX info: "xparse/define-command"
. 
. Defining command \addmediapath with sig. 'm' on line 804.
.................................................
\l_mix_pbtn_box=\box70
\mix@btn@dim=\dimen302
.................................................
. LaTeX info: "xparse/define-command"
. 
. Defining command \includemedia with sig. 'O{}mm' on line 1212.
.................................................
\g_mix_mbtncnt_int=\count323
.................................................
. LaTeX info: "xparse/define-command"
. 
. Defining command \mediabutton with sig. 'O{}m' on line 2418.
.................................................
)
(/usr/share/texlive/texmf-dist/tex/latex/caption/subcaption.sty
Package: subcaption 2016/05/22 v1.1-161 Sub-captions (AR)
\c@subfigure=\count324
\c@subtable=\count325
) (./ppt.aux

LaTeX Warning: Label `fig:dele_annni' multiply defined.


LaTeX Warning: Label `sub@fig:dele_annni' multiply defined.


LaTeX Warning: Label `fig:dele_annni_dis' multiply defined.


LaTeX Warning: Label `sub@fig:dele_annni_dis' multiply defined.


LaTeX Warning: Label `fig:dele_annni' multiply defined.


LaTeX Warning: Label `sub@fig:dele_annni' multiply defined.


LaTeX Warning: Label `fig:dele_annni_dis' multiply defined.


LaTeX Warning: Label `sub@fig:dele_annni_dis' multiply defined.


LaTeX Warning: Label `fig:smin_taua' multiply defined.


LaTeX Warning: Label `sub@fig:smin_taua' multiply defined.


LaTeX Warning: Label `fig:smin_taub' multiply defined.


LaTeX Warning: Label `sub@fig:smin_taub' multiply defined.


LaTeX Warning: Label `fig:smin_taua' multiply defined.


LaTeX Warning: Label `sub@fig:smin_taua' multiply defined.


LaTeX Warning: Label `fig:smin_taub' multiply defined.


LaTeX Warning: Label `sub@fig:smin_taub' multiply defined.


LaTeX Warning: Label `fig:smin_tau' multiply defined.


LaTeX Warning: Label `fig:smin_taua' multiply defined.


LaTeX Warning: Label `sub@fig:smin_taua' multiply defined.


LaTeX Warning: Label `fig:smin_taub' multiply defined.


LaTeX Warning: Label `sub@fig:smin_taub' multiply defined.


LaTeX Warning: Label `fig:smin_tau' multiply defined.


LaTeX Warning: Label `fig:smin_taua' multiply defined.


LaTeX Warning: Label `sub@fig:smin_taua' multiply defined.


LaTeX Warning: Label `fig:smin_taub' multiply defined.


LaTeX Warning: Label `sub@fig:smin_taub' multiply defined.


LaTeX Warning: Label `fig:smin_tau' multiply defined.

)
\openout1 = `ppt.aux'.

LaTeX Font Info:    Checking defaults for OML/cmm/m/it on input line 101.
LaTeX Font Info:    ... okay on input line 101.
LaTeX Font Info:    Checking defaults for T1/cmr/m/n on input line 101.
LaTeX Font Info:    ... okay on input line 101.
LaTeX Font Info:    Checking defaults for OT1/cmr/m/n on input line 101.
LaTeX Font Info:    ... okay on input line 101.
LaTeX Font Info:    Checking defaults for OMS/cmsy/m/n on input line 101.
LaTeX Font Info:    ... okay on input line 101.
LaTeX Font Info:    Checking defaults for OMX/cmex/m/n on input line 101.
LaTeX Font Info:    ... okay on input line 101.
LaTeX Font Info:    Checking defaults for U/cmr/m/n on input line 101.
LaTeX Font Info:    ... okay on input line 101.
LaTeX Font Info:    Checking defaults for PD1/pdf/m/n on input line 101.
LaTeX Font Info:    ... okay on input line 101.

*geometry* driver: auto-detecting
*geometry* detected driver: pdftex
*geometry* verbose mode - [ preamble ] result:
* driver: pdftex
* paper: custom
* layout: <same size as paper>
* layoutoffset:(h,v)=(0.0pt,0.0pt)
* modes: includehead includefoot 
* h-part:(L,W,R)=(14.22636pt, 278.83713pt, 71.13187pt)
* v-part:(T,H,B)=(0.0pt, 273.14662pt, 0.0pt)
* \paperwidth=364.19536pt
* \paperheight=273.14662pt
* \textwidth=278.83713pt
* \textheight=244.6939pt
* \oddsidemargin=-58.04362pt
* \evensidemargin=-58.04362pt
* \topmargin=-72.26999pt
* \headheight=14.22636pt
* \headsep=0.0pt
* \topskip=10.0pt
* \footskip=14.22636pt
* \marginparwidth=3.0pt
* \marginparsep=11.0pt
* \columnsep=10.0pt
* \skip\footins=9.0pt plus 4.0pt minus 2.0pt
* \hoffset=0.0pt
* \voffset=0.0pt
* \mag=1000
* \@twocolumnfalse
* \@twosidefalse
* \@mparswitchfalse
* \@reversemarginfalse
* (1in=72.27pt=25.4mm, 1cm=28.453pt)

(/usr/share/texlive/texmf-dist/tex/context/base/mkii/supp-pdf.mkii
[Loading MPS to PDF converter (version 2006.09.02).]
\scratchcounter=\count326
\scratchdimen=\dimen303
\scratchbox=\box71
\nofMPsegments=\count327
\nofMParguments=\count328
\everyMPshowfont=\toks43
\MPscratchCnt=\count329
\MPscratchDim=\dimen304
\MPnumerator=\count330
\makeMPintoPDFobject=\count331
\everyMPtoPDFconversion=\toks44
) (/usr/share/texlive/texmf-dist/tex/latex/oberdiek/epstopdf-base.sty
Package: epstopdf-base 2016/05/15 v2.6 Base part for package epstopdf

(/usr/share/texlive/texmf-dist/tex/latex/oberdiek/grfext.sty
Package: grfext 2016/05/16 v1.2 Manage graphics extensions (HO)
)
Package epstopdf-base Info: Redefining graphics rule for `.eps' on input line 4
38.
Package grfext Info: Graphics extension search list:
(grfext)             [.pdf,.png,.jpg,.mps,.jpeg,.jbig2,.jb2,.PDF,.PNG,.JPG,.JPE
G,.JBIG2,.JB2,.eps]
(grfext)             \AppendGraphicsExtensions on input line 456.

(/usr/share/texlive/texmf-dist/tex/latex/latexconfig/epstopdf-sys.cfg
File: epstopdf-sys.cfg 2010/07/13 v1.3 Configuration of (r)epstopdf for TeX Liv
e
))
ABD: EveryShipout initializing macros
\AtBeginShipoutBox=\box72
Package hyperref Info: Link coloring OFF on input line 101.

(/usr/share/texlive/texmf-dist/tex/latex/hyperref/nameref.sty
Package: nameref 2016/05/21 v2.44 Cross-referencing by name of section

(/usr/share/texlive/texmf-dist/tex/generic/oberdiek/gettitlestring.sty
Package: gettitlestring 2016/05/16 v1.5 Cleanup title references (HO)
)
\c@section@level=\count332
)
LaTeX Info: Redefining \ref on input line 101.
LaTeX Info: Redefining \pageref on input line 101.
LaTeX Info: Redefining \nameref on input line 101.

(./ppt.out) (./ppt.out)
\@outlinefile=\write5
\openout5 = `ppt.out'.

LaTeX Font Info:    Overwriting symbol font `operators' in version `normal'
(Font)                  OT1/cmr/m/n --> OT1/cmss/m/n on input line 101.
LaTeX Font Info:    Overwriting symbol font `operators' in version `bold'
(Font)                  OT1/cmr/bx/n --> OT1/cmss/bx/n on input line 101.
\symnumbers=\mathgroup6
\sympureletters=\mathgroup7
LaTeX Font Info:    Overwriting math alphabet `\mathrm' in version `normal'
(Font)                  OT1/cmss/m/n --> OT1/cmr/m/n on input line 101.
LaTeX Font Info:    Redeclaring math alphabet \mathbf on input line 101.
LaTeX Font Info:    Overwriting math alphabet `\mathbf' in version `normal'
(Font)                  OT1/cmr/bx/n --> OT1/cmss/bx/n on input line 101.
LaTeX Font Info:    Overwriting math alphabet `\mathbf' in version `bold'
(Font)                  OT1/cmr/bx/n --> OT1/cmss/bx/n on input line 101.
LaTeX Font Info:    Redeclaring math alphabet \mathsf on input line 101.
LaTeX Font Info:    Overwriting math alphabet `\mathsf' in version `normal'
(Font)                  OT1/cmss/m/n --> OT1/cmss/m/n on input line 101.
LaTeX Font Info:    Overwriting math alphabet `\mathsf' in version `bold'
(Font)                  OT1/cmss/bx/n --> OT1/cmss/m/n on input line 101.
LaTeX Font Info:    Redeclaring math alphabet \mathit on input line 101.
LaTeX Font Info:    Overwriting math alphabet `\mathit' in version `normal'
(Font)                  OT1/cmr/m/it --> OT1/cmss/m/it on input line 101.
LaTeX Font Info:    Overwriting math alphabet `\mathit' in version `bold'
(Font)                  OT1/cmr/bx/it --> OT1/cmss/m/it on input line 101.
LaTeX Font Info:    Redeclaring math alphabet \mathtt on input line 101.
LaTeX Font Info:    Overwriting math alphabet `\mathtt' in version `normal'
(Font)                  OT1/cmtt/m/n --> OT1/cmtt/m/n on input line 101.
LaTeX Font Info:    Overwriting math alphabet `\mathtt' in version `bold'
(Font)                  OT1/cmtt/m/n --> OT1/cmtt/m/n on input line 101.
LaTeX Font Info:    Overwriting symbol font `numbers' in version `bold'
(Font)                  OT1/cmss/m/n --> OT1/cmss/bx/n on input line 101.
LaTeX Font Info:    Overwriting symbol font `pureletters' in version `bold'
(Font)                  OT1/cmss/m/it --> OT1/cmss/bx/it on input line 101.
LaTeX Font Info:    Overwriting math alphabet `\mathrm' in version `bold'
(Font)                  OT1/cmss/bx/n --> OT1/cmr/bx/n on input line 101.
LaTeX Font Info:    Overwriting math alphabet `\mathbf' in version `bold'
(Font)                  OT1/cmss/bx/n --> OT1/cmss/bx/n on input line 101.
LaTeX Font Info:    Overwriting math alphabet `\mathsf' in version `bold'
(Font)                  OT1/cmss/m/n --> OT1/cmss/bx/n on input line 101.
LaTeX Font Info:    Overwriting math alphabet `\mathit' in version `bold'
(Font)                  OT1/cmss/m/it --> OT1/cmss/bx/it on input line 101.
LaTeX Font Info:    Overwriting math alphabet `\mathtt' in version `bold'
(Font)                  OT1/cmtt/m/n --> OT1/cmtt/bx/n on input line 101.
LaTeX Font Info:    Redeclaring symbol font `pureletters' on input line 101.
LaTeX Font Info:    Overwriting symbol font `pureletters' in version `normal'
(Font)                  OT1/cmss/m/it --> OT1/mathkerncmss/m/sl on input line 1
01.
LaTeX Font Info:    Overwriting symbol font `pureletters' in version `bold'
(Font)                  OT1/cmss/bx/it --> OT1/mathkerncmss/m/sl on input line 
101.
LaTeX Font Info:    Overwriting symbol font `pureletters' in version `bold'
(Font)                  OT1/mathkerncmss/m/sl --> OT1/mathkerncmss/bx/sl on inp
ut line 101.

(/usr/share/texlive/texmf-dist/tex/latex/translator/translator-basic-dictionary
-English.dict
Dictionary: translator-basic-dictionary, Language: English 
)
(/usr/share/texlive/texmf-dist/tex/latex/translator/translator-bibliography-dic
tionary-English.dict
Dictionary: translator-bibliography-dictionary, Language: English 
)
(/usr/share/texlive/texmf-dist/tex/latex/translator/translator-environment-dict
ionary-English.dict
Dictionary: translator-environment-dictionary, Language: English 
)
(/usr/share/texlive/texmf-dist/tex/latex/translator/translator-months-dictionar
y-English.dict
Dictionary: translator-months-dictionary, Language: English 
)
(/usr/share/texlive/texmf-dist/tex/latex/translator/translator-numbers-dictiona
ry-English.dict
Dictionary: translator-numbers-dictionary, Language: English 
)
(/usr/share/texlive/texmf-dist/tex/latex/translator/translator-theorem-dictiona
ry-English.dict
Dictionary: translator-theorem-dictionary, Language: English 
)
Package caption Info: Begin \AtBeginDocument code.
Package caption Info: End \AtBeginDocument code.

(/usr/share/texlive/texmf-dist/tex/latex/pgf/frontendlayer/tikz.sty
(/usr/share/texlive/texmf-dist/tex/latex/pgf/basiclayer/pgf.sty
Package: pgf 2015/08/07 v3.0.1a (rcs-revision 1.15)

(/usr/share/texlive/texmf-dist/tex/generic/pgf/modules/pgfmoduleshapes.code.tex
File: pgfmoduleshapes.code.tex 2014/03/21  (rcs-revision 1.35)
\pgfnodeparttextbox=\box73
) (/usr/share/texlive/texmf-dist/tex/generic/pgf/modules/pgfmoduleplot.code.tex
File: pgfmoduleplot.code.tex 2015/08/03  (rcs-revision 1.13)
)
(/usr/share/texlive/texmf-dist/tex/latex/pgf/compatibility/pgfcomp-version-0-65
.sty
Package: pgfcomp-version-0-65 2007/07/03 v3.0.1a (rcs-revision 1.7)
\pgf@nodesepstart=\dimen305
\pgf@nodesepend=\dimen306
)
(/usr/share/texlive/texmf-dist/tex/latex/pgf/compatibility/pgfcomp-version-1-18
.sty
Package: pgfcomp-version-1-18 2007/07/23 v3.0.1a (rcs-revision 1.1)
)) (/usr/share/texlive/texmf-dist/tex/latex/pgf/utilities/pgffor.sty
(/usr/share/texlive/texmf-dist/tex/latex/pgf/utilities/pgfkeys.sty
(/usr/share/texlive/texmf-dist/tex/generic/pgf/utilities/pgfkeys.code.tex))
(/usr/share/texlive/texmf-dist/tex/latex/pgf/math/pgfmath.sty
(/usr/share/texlive/texmf-dist/tex/generic/pgf/math/pgfmath.code.tex))
(/usr/share/texlive/texmf-dist/tex/generic/pgf/utilities/pgffor.code.tex
Package: pgffor 2013/12/13 v3.0.1a (rcs-revision 1.25)

(/usr/share/texlive/texmf-dist/tex/generic/pgf/math/pgfmath.code.tex)
\pgffor@iter=\dimen307
\pgffor@skip=\dimen308
\pgffor@stack=\toks45
\pgffor@toks=\toks46
))
(/usr/share/texlive/texmf-dist/tex/generic/pgf/frontendlayer/tikz/tikz.code.tex
Package: tikz 2015/08/07 v3.0.1a (rcs-revision 1.151)

(/usr/share/texlive/texmf-dist/tex/generic/pgf/libraries/pgflibraryplothandlers
.code.tex
File: pgflibraryplothandlers.code.tex 2013/08/31 v3.0.1a (rcs-revision 1.20)
\pgf@plot@mark@count=\count333
\pgfplotmarksize=\dimen309
)
\tikz@lastx=\dimen310
\tikz@lasty=\dimen311
\tikz@lastxsaved=\dimen312
\tikz@lastysaved=\dimen313
\tikzleveldistance=\dimen314
\tikzsiblingdistance=\dimen315
\tikz@figbox=\box74
\tikz@figbox@bg=\box75
\tikz@tempbox=\box76
\tikz@tempbox@bg=\box77
\tikztreelevel=\count334
\tikznumberofchildren=\count335
\tikznumberofcurrentchild=\count336
\tikz@fig@count=\count337

(/usr/share/texlive/texmf-dist/tex/generic/pgf/modules/pgfmodulematrix.code.tex
File: pgfmodulematrix.code.tex 2013/09/17  (rcs-revision 1.8)
\pgfmatrixcurrentrow=\count338
\pgfmatrixcurrentcolumn=\count339
\pgf@matrix@numberofcolumns=\count340
)
\tikz@expandcount=\count341

(/usr/share/texlive/texmf-dist/tex/generic/pgf/frontendlayer/tikz/libraries/tik
zlibrarytopaths.code.tex
File: tikzlibrarytopaths.code.tex 2008/06/17 v3.0.1a (rcs-revision 1.2)
))) (./ppt.nav) [1{/var/lib/texmf/fonts/map/pdftex/updmap/pdftex.map}

] (./ppt.toc) [2

]
<Pictures/harmonic.png, id=188, 834.11626pt x 602.25pt>
File: Pictures/harmonic.png Graphic file (type png)
<use Pictures/harmonic.png>
Package pdftex.def Info: Pictures/harmonic.png  used on input line 139.
(pdftex.def)             Requested size: 834.11423pt x 602.24852pt.
\g__file_internal_ior=\read2
<<VPlayer.swf>><<Pictures/harmonic_oscillator.mp4>>
<Pictures/damped.png, id=208, 839.135pt x 614.295pt>
File: Pictures/damped.png Graphic file (type png)
<use Pictures/damped.png>
Package pdftex.def Info: Pictures/damped.png  used on input line 139.
(pdftex.def)             Requested size: 839.13293pt x 614.29349pt.
<<Pictures/damped.mp4>> [3

 <./Pictures/harmonic.png> <./Pictures/damped.png>]
<Pictures/duffing.png, id=268, 808.01875pt x 635.37375pt>
File: Pictures/duffing.png Graphic file (type png)
<use Pictures/duffing.png>
Package pdftex.def Info: Pictures/duffing.png  used on input line 151.
(pdftex.def)             Requested size: 808.01678pt x 635.3722pt.
<<Pictures/duffing.mp4>> [4

 <./Pictures/duffing.png>]
LaTeX Font Info:    Try loading font information for U+msa on input line 159.

(/usr/share/texlive/texmf-dist/tex/latex/amsfonts/umsa.fd
File: umsa.fd 2013/01/14 v3.01 AMS symbols A
)
LaTeX Font Info:    Try loading font information for U+msb on input line 159.

(/usr/share/texlive/texmf-dist/tex/latex/amsfonts/umsb.fd
File: umsb.fd 2013/01/14 v3.01 AMS symbols B
)
LaTeX Font Info:    Try loading font information for OT1+mathkerncmss on input 
line 159.

(/usr/share/texlive/texmf-dist/tex/latex/sansmathaccent/ot1mathkerncmss.fd
File: ot1mathkerncmss.fd 2013/03/27 Fontinst v1.933 font definitions for OT1/ma
thkerncmss.
)
[5

]

Package hyperref Warning: Token not allowed in a PDF string (PDFDocEncoding):
(hyperref)                removing `\@ifnextchar' on input line 165.

<Pictures/nature04693.jpg, id=374, 602.25pt x 301.125pt>
File: Pictures/nature04693.jpg Graphic file (type jpg)
<use Pictures/nature04693.jpg>
Package pdftex.def Info: Pictures/nature04693.jpg  used on input line 186.
(pdftex.def)             Requested size: 136.6307pt x 68.31586pt.
<Pictures/nature04693-1.jpg, id=375, 602.25pt x 484.81125pt>
File: Pictures/nature04693-1.jpg Graphic file (type jpg)
<use Pictures/nature04693-1.jpg>
Package pdftex.def Info: Pictures/nature04693-1.jpg  used on input line 186.
(pdftex.def)             Requested size: 84.8566pt x 68.31586pt.
[6

 <./Pictures/nature04693.jpg> <./Pictures/nature04693-1.jpg>]
<Pictures/nature04693-f.jpg, id=430, 602.25pt x 1235.61626pt>
File: Pictures/nature04693-f.jpg Graphic file (type jpg)
<use Pictures/nature04693-f.jpg>
Package pdftex.def Info: Pictures/nature04693-f.jpg  used on input line 195.
(pdftex.def)             Requested size: 111.53314pt x 228.83054pt.

Overfull \vbox (2.68391pt too high) detected at line 195
 []

[7

 <./Pictures/nature04693-f.jpg>]

Package hyperref Warning: Token not allowed in a PDF string (PDFDocEncoding):
(hyperref)                removing `\@ifnextchar' on input line 199.

<Pictures/schmidt.png, id=477, 1149.29375pt x 643.40375pt>
File: Pictures/schmidt.png Graphic file (type png)
<use Pictures/schmidt.png>
Package pdftex.def Info: Pictures/schmidt.png  used on input line 208.
(pdftex.def)             Requested size: 167.30397pt x 93.6593pt.
[8

 <./Pictures/schmidt.png>] [9

]
<Pictures/tr1.pdf, id=574, 910.40125pt x 597.23125pt>
File: Pictures/tr1.pdf Graphic file (type pdf)
<use Pictures/tr1.pdf>
Package pdftex.def Info: Pictures/tr1.pdf  used on input line 230.
(pdftex.def)             Requested size: 278.83713pt x 182.9162pt.
 [10

 <./Pictures/tr1.pdf>]
<Pictures/tr2.pdf, id=627, 910.40125pt x 597.23125pt>
File: Pictures/tr2.pdf Graphic file (type pdf)
<use Pictures/tr2.pdf>
Package pdftex.def Info: Pictures/tr2.pdf  used on input line 236.
(pdftex.def)             Requested size: 278.83713pt x 182.9162pt.
 [11

 <./Pictures/tr2.pdf>]
<Pictures/tr3.pdf, id=674, 910.40125pt x 597.23125pt>
File: Pictures/tr3.pdf Graphic file (type pdf)
<use Pictures/tr3.pdf>
Package pdftex.def Info: Pictures/tr3.pdf  used on input line 242.
(pdftex.def)             Requested size: 278.83713pt x 182.9162pt.
 [12

 <./Pictures/tr3.pdf>]
<Pictures/tr4.pdf, id=722, 910.40125pt x 597.23125pt>
File: Pictures/tr4.pdf Graphic file (type pdf)
<use Pictures/tr4.pdf>
Package pdftex.def Info: Pictures/tr4.pdf  used on input line 248.
(pdftex.def)             Requested size: 278.83713pt x 182.9162pt.
 [13

 <./Pictures/tr4.pdf>]
<Pictures/tr5.pdf, id=770, 910.40125pt x 597.23125pt>
File: Pictures/tr5.pdf Graphic file (type pdf)
<use Pictures/tr5.pdf>
Package pdftex.def Info: Pictures/tr5.pdf  used on input line 254.
(pdftex.def)             Requested size: 278.83713pt x 182.9162pt.
 [14

 <./Pictures/tr5.pdf>]
<Pictures/tr6.pdf, id=818, 910.40125pt x 597.23125pt>
File: Pictures/tr6.pdf Graphic file (type pdf)
<use Pictures/tr6.pdf>
Package pdftex.def Info: Pictures/tr6.pdf  used on input line 260.
(pdftex.def)             Requested size: 278.83713pt x 182.9162pt.
 [15

 <./Pictures/tr6.pdf>]
<Pictures/losch_echo.pdf, id=869, 465.65971pt x 237.76831pt>
File: Pictures/losch_echo.pdf Graphic file (type pdf)
<use Pictures/losch_echo.pdf>
Package pdftex.def Info: Pictures/losch_echo.pdf  used on input line 268.
(pdftex.def)             Requested size: 278.83713pt x 142.37546pt.
 [16

 <./Pictures/losch_echo.pdf>] [17

]
<../plots/report/mz_h_N_all.pdf, id=965, 462.52798pt x 346.89601pt>
File: ../plots/report/mz_h_N_all.pdf Graphic file (type pdf)
<use ../plots/report/mz_h_N_all.pdf>
Package pdftex.def Info: ../plots/report/mz_h_N_all.pdf  used on input line 293
.
(pdftex.def)             Requested size: 223.07054pt x 167.30217pt.
 [18

 <../plots/report/mz_h_N_all.pdf>]
<../plots/report/mz_t100_N10_both1.pdf, id=1053, 462.52798pt x 346.89601pt>
File: ../plots/report/mz_t100_N10_both1.pdf Graphic file (type pdf)
<use ../plots/report/mz_t100_N10_both1.pdf>
Package pdftex.def Info: ../plots/report/mz_t100_N10_both1.pdf  used on input l
ine 302.
(pdftex.def)             Requested size: 223.07054pt x 167.30217pt.
 [19

 <../plots/report/mz_t100_N10_both1.pdf>]
[20

] [21

]
<../plots/report/time_evol_single_run_tfim_imp5.pdf, id=1233, 462.52798pt x 346
.89601pt>
File: ../plots/report/time_evol_single_run_tfim_imp5.pdf Graphic file (type pdf
)
<use ../plots/report/time_evol_single_run_tfim_imp5.pdf>
Package pdftex.def Info: ../plots/report/time_evol_single_run_tfim_imp5.pdf  us
ed on input line 340.
(pdftex.def)             Requested size: 145.73943pt x 109.30579pt.

Overfull \hbox (9.10771pt too wide) in paragraph at lines 340--340
[][] 
 []

<../plots/report/time_evol_single_run_annni_imp4.pdf, id=1234, 462.52798pt x 34
6.89601pt>
File: ../plots/report/time_evol_single_run_annni_imp4.pdf Graphic file (type pd
f)
<use ../plots/report/time_evol_single_run_annni_imp4.pdf>
Package pdftex.def Info: ../plots/report/time_evol_single_run_annni_imp4.pdf  u
sed on input line 340.
(pdftex.def)             Requested size: 145.73943pt x 109.30579pt.

Overfull \hbox (9.10771pt too wide) in paragraph at lines 340--340
[][] 
 []

[22

 <../plots/report/time_evol_single_run_tfim_imp5.pdf> <../plots/report/time_evo
l_single_run_annni_imp4.pdf

pdfTeX warning: pdflatex (file ../plots/report/time_evol_single_run_annni_imp4.
pdf): PDF inclusion: multiple pdfs with page group included in a single page
>]
<../plots/report/time_evol_tfim.pdf, id=1372, 462.52798pt x 346.89601pt>
File: ../plots/report/time_evol_tfim.pdf Graphic file (type pdf)
<use ../plots/report/time_evol_tfim.pdf>
Package pdftex.def Info: ../plots/report/time_evol_tfim.pdf  used on input line
 357.
(pdftex.def)             Requested size: 145.73943pt x 109.30579pt.

Overfull \hbox (9.10771pt too wide) in paragraph at lines 357--357
[][] 
 []

<../plots/report/time_evol_annni_jp1.pdf, id=1373, 462.52798pt x 346.89601pt>
File: ../plots/report/time_evol_annni_jp1.pdf Graphic file (type pdf)
<use ../plots/report/time_evol_annni_jp1.pdf>
Package pdftex.def Info: ../plots/report/time_evol_annni_jp1.pdf  used on input
 line 357.
(pdftex.def)             Requested size: 145.73943pt x 109.30579pt.

Overfull \hbox (9.10771pt too wide) in paragraph at lines 357--357
[][] 
 []

[23

 <../plots/report/time_evol_tfim.pdf> <../plots/report/time_evol_annni_jp1.pdf

pdfTeX warning: pdflatex (file ../plots/report/time_evol_annni_jp1.pdf): PDF in
clusion: multiple pdfs with page group included in a single page
>]
<../plots/report/S_min_vs_Jp_3_points_scatter.pdf, id=1509, 462.52798pt x 346.8
9601pt>
File: ../plots/report/S_min_vs_Jp_3_points_scatter.pdf Graphic file (type pdf)
<use ../plots/report/S_min_vs_Jp_3_points_scatter.pdf>
Package pdftex.def Info: ../plots/report/S_min_vs_Jp_3_points_scatter.pdf  used
 on input line 374.
(pdftex.def)             Requested size: 145.73943pt x 109.30579pt.

Overfull \hbox (9.10771pt too wide) in paragraph at lines 374--374
[][] 
 []

<../plots/report/mz_max_vs_Jp_3_points_scatter.pdf, id=1510, 462.52798pt x 346.
89601pt>
File: ../plots/report/mz_max_vs_Jp_3_points_scatter.pdf Graphic file (type pdf)

<use ../plots/report/mz_max_vs_Jp_3_points_scatter.pdf>
Package pdftex.def Info: ../plots/report/mz_max_vs_Jp_3_points_scatter.pdf  use
d on input line 374.
(pdftex.def)             Requested size: 145.73943pt x 109.30579pt.

Overfull \hbox (9.10771pt too wide) in paragraph at lines 374--374
[][] 
 []

[24

 <../plots/report/S_min_vs_Jp_3_points_scatter.pdf> <../plots/report/mz_max_vs_
Jp_3_points_scatter.pdf

pdfTeX warning: pdflatex (file ../plots/report/mz_max_vs_Jp_3_points_scatter.pd
f): PDF inclusion: multiple pdfs with page group included in a single page
>]
<../plots/report/S_minbymaxdif_vs_tau_N10_Jp_all_NGrid.pdf, id=1652, 462.52798p
t x 346.89601pt>
File: ../plots/report/S_minbymaxdif_vs_tau_N10_Jp_all_NGrid.pdf Graphic file (t
ype pdf)
<use ../plots/report/S_minbymaxdif_vs_tau_N10_Jp_all_NGrid.pdf>
Package pdftex.def Info: ../plots/report/S_minbymaxdif_vs_tau_N10_Jp_all_NGrid.
pdf  used on input line 389.
(pdftex.def)             Requested size: 145.73943pt x 109.30579pt.

Overfull \hbox (9.10771pt too wide) in paragraph at lines 389--389
[][] 
 []

<../plots/report/S_minbymaxdif_vs_tau_hv1_N10_Jp_all_NGrid.pdf, id=1653, 462.52
798pt x 346.89601pt>
File: ../plots/report/S_minbymaxdif_vs_tau_hv1_N10_Jp_all_NGrid.pdf Graphic fil
e (type pdf)
<use ../plots/report/S_minbymaxdif_vs_tau_hv1_N10_Jp_all_NGrid.pdf>
Package pdftex.def Info: ../plots/report/S_minbymaxdif_vs_tau_hv1_N10_Jp_all_NG
rid.pdf  used on input line 389.
(pdftex.def)             Requested size: 145.73943pt x 109.30579pt.

Overfull \hbox (9.10771pt too wide) in paragraph at lines 389--389
[][] 
 []

[25

 <../plots/report/S_minbymaxdif_vs_tau_N10_Jp_all_NGrid.pdf> <../plots/report/S
_minbymaxdif_vs_tau_hv1_N10_Jp_all_NGrid.pdf

pdfTeX warning: pdflatex (file ../plots/report/S_minbymaxdif_vs_tau_hv1_N10_Jp_
all_NGrid.pdf): PDF inclusion: multiple pdfs with page group included in a sing
le page
>]
<../plots/report/S_minbymaxdif_vs_tau_hv01_dh001_N10_Jp_all_NGrid.pdf, id=1791,
 462.52798pt x 346.89601pt>
File: ../plots/report/S_minbymaxdif_vs_tau_hv01_dh001_N10_Jp_all_NGrid.pdf Grap
hic file (type pdf)
<use ../plots/report/S_minbymaxdif_vs_tau_hv01_dh001_N10_Jp_all_NGrid.pdf>
Package pdftex.def Info: ../plots/report/S_minbymaxdif_vs_tau_hv01_dh001_N10_Jp
_all_NGrid.pdf  used on input line 406.
(pdftex.def)             Requested size: 145.73943pt x 109.30579pt.

Overfull \hbox (9.10771pt too wide) in paragraph at lines 406--406
[][] 
 []

<../plots/report/S_minbymaxdif_vs_tau_hv1_dh001_N10_Jp_all_NGrid.pdf, id=1792, 
462.52798pt x 346.89601pt>
File: ../plots/report/S_minbymaxdif_vs_tau_hv1_dh001_N10_Jp_all_NGrid.pdf Graph
ic file (type pdf)
<use ../plots/report/S_minbymaxdif_vs_tau_hv1_dh001_N10_Jp_all_NGrid.pdf>
Package pdftex.def Info: ../plots/report/S_minbymaxdif_vs_tau_hv1_dh001_N10_Jp_
all_NGrid.pdf  used on input line 406.
(pdftex.def)             Requested size: 145.73943pt x 109.30579pt.

Overfull \hbox (9.10771pt too wide) in paragraph at lines 406--406
[][] 
 []

[26

 <../plots/report/S_minbymaxdif_vs_tau_hv01_dh001_N10_Jp_all_NGrid.pdf> <../plo
ts/report/S_minbymaxdif_vs_tau_hv1_dh001_N10_Jp_all_NGrid.pdf

pdfTeX warning: pdflatex (file ../plots/report/S_minbymaxdif_vs_tau_hv1_dh001_N
10_Jp_all_NGrid.pdf): PDF inclusion: multiple pdfs with page group included in 
a single page
>]
<Pictures/annni_hv01_dh01_N10_Jp_tau_one_min_s_minbymax_1.pdf, id=1934, 987.208
22pt x 434.3427pt>
File: Pictures/annni_hv01_dh01_N10_Jp_tau_one_min_s_minbymax_1.pdf Graphic file
 (type pdf)
<use Pictures/annni_hv01_dh01_N10_Jp_tau_one_min_s_minbymax_1.pdf>
Package pdftex.def Info: Pictures/annni_hv01_dh01_N10_Jp_tau_one_min_s_minbymax
_1.pdf  used on input line 425.
(pdftex.def)             Requested size: 186.32123pt x 81.97986pt.

Overfull \hbox (49.68951pt too wide) in paragraph at lines 425--425
[][] 
 []

<Pictures/annni_hv01_dh01_N10_Jp_tau_one_min_s_minbymax_obc.pdf, id=1935, 987.2
0822pt x 434.3427pt>
File: Pictures/annni_hv01_dh01_N10_Jp_tau_one_min_s_minbymax_obc.pdf Graphic fi
le (type pdf)
<use Pictures/annni_hv01_dh01_N10_Jp_tau_one_min_s_minbymax_obc.pdf>
Package pdftex.def Info: Pictures/annni_hv01_dh01_N10_Jp_tau_one_min_s_minbymax
_obc.pdf  used on input line 425.
(pdftex.def)             Requested size: 186.32123pt x 81.97986pt.

Overfull \hbox (49.68951pt too wide) in paragraph at lines 425--425
[][] 
 []


Overfull \vbox (16.11314pt too high) detected at line 425
 []

[27

 <./Pictures/annni_hv01_dh01_N10_Jp_tau_one_min_s_minbymax_1.pdf> <./Pictures/a
nnni_hv01_dh01_N10_Jp_tau_one_min_s_minbymax_obc.pdf

pdfTeX warning: pdflatex (file ./Pictures/annni_hv01_dh01_N10_Jp_tau_one_min_s_
minbymax_obc.pdf): PDF inclusion: multiple pdfs with page group included in a s
ingle page
>]
<Pictures/annni_dh01_N10_Jp_tau_one_min_s_minbymax_ran_int_st.pdf, id=2067, 987
.20822pt x 434.3427pt>
File: Pictures/annni_dh01_N10_Jp_tau_one_min_s_minbymax_ran_int_st.pdf Graphic 
file (type pdf)
<use Pictures/annni_dh01_N10_Jp_tau_one_min_s_minbymax_ran_int_st.pdf>
Package pdftex.def Info: Pictures/annni_dh01_N10_Jp_tau_one_min_s_minbymax_ran_
int_st.pdf  used on input line 437.
(pdftex.def)             Requested size: 199.16928pt x 87.62253pt.
 [28

 <./Pictures/annni_dh01_N10_Jp_tau_one_min_s_minbymax_ran_int_st.pdf>]
<Pictures/annni_dh01_N10_Jp_tau_std_ran_int_st.pdf, id=2156, 987.20822pt x 434.
3427pt>
File: Pictures/annni_dh01_N10_Jp_tau_std_ran_int_st.pdf Graphic file (type pdf)

<use Pictures/annni_dh01_N10_Jp_tau_std_ran_int_st.pdf>
Package pdftex.def Info: Pictures/annni_dh01_N10_Jp_tau_std_ran_int_st.pdf  use
d on input line 445.
(pdftex.def)             Requested size: 199.16928pt x 87.62253pt.

[29

 <./Pictures/annni_dh01_N10_Jp_tau_std_ran_int_st.pdf>]
<Pictures/annni_dh01_N8_in_ene_samples.pdf, id=2227, 484.209pt x 389.5353pt>
File: Pictures/annni_dh01_N8_in_ene_samples.pdf Graphic file (type pdf)
<use Pictures/annni_dh01_N8_in_ene_samples.pdf>
Package pdftex.def Info: Pictures/annni_dh01_N8_in_ene_samples.pdf  used on inp
ut line 465.
(pdftex.def)             Requested size: 118.88713pt x 95.64177pt.
<Pictures/annni_dh01_N8_in_ene_samples_j1.pdf, id=2228, 462.52798pt x 396.0396p
t>
File: Pictures/annni_dh01_N8_in_ene_samples_j1.pdf Graphic file (type pdf)
<use Pictures/annni_dh01_N8_in_ene_samples_j1.pdf>
Package pdftex.def Info: Pictures/annni_dh01_N8_in_ene_samples_j1.pdf  used on 
input line 465.
(pdftex.def)             Requested size: 111.69356pt x 95.64177pt.
 [30

 <./Pictures/annni_dh01_N8_in_ene_samples.pdf> <./Pictures/annni_dh01_N8_in_ene
_samples_j1.pdf

pdfTeX warning: pdflatex (file ./Pictures/annni_dh01_N8_in_ene_samples_j1.pdf):
 PDF inclusion: multiple pdfs with page group included in a single page
>]
<Pictures/annni_hv01_dh01_N8_in_ene_samples.pdf, id=2358, 462.52798pt x 392.426
09pt>
File: Pictures/annni_hv01_dh01_N8_in_ene_samples.pdf Graphic file (type pdf)
<use Pictures/annni_hv01_dh01_N8_in_ene_samples.pdf>
Package pdftex.def Info: Pictures/annni_hv01_dh01_N8_in_ene_samples.pdf  used o
n input line 482.
(pdftex.def)             Requested size: 112.72397pt x 95.64177pt.
<Pictures/annni_hv01_dh01_N8_in_ene_samples_j1.pdf, id=2359, 462.52798pt x 395.
3169pt>
File: Pictures/annni_hv01_dh01_N8_in_ene_samples_j1.pdf Graphic file (type pdf)

<use Pictures/annni_hv01_dh01_N8_in_ene_samples_j1.pdf>
Package pdftex.def Info: Pictures/annni_hv01_dh01_N8_in_ene_samples_j1.pdf  use
d on input line 482.
(pdftex.def)             Requested size: 111.89824pt x 95.64177pt.
 [31

 <./Pictures/annni_hv01_dh01_N8_in_ene_samples.pdf> <./Pictures/annni_hv01_dh01
_N8_in_ene_samples_j1.pdf

pdfTeX warning: pdflatex (file ./Pictures/annni_hv01_dh01_N8_in_ene_samples_j1.
pdf): PDF inclusion: multiple pdfs with page group included in a single page
>]
<Pictures/annni_dh01_N8_del_e_in_ene.pdf, id=2489, 462.52798pt x 346.89601pt>
File: Pictures/annni_dh01_N8_del_e_in_ene.pdf Graphic file (type pdf)
<use Pictures/annni_dh01_N8_del_e_in_ene.pdf>
Package pdftex.def Info: Pictures/annni_dh01_N8_del_e_in_ene.pdf  used on input
 line 501.
(pdftex.def)             Requested size: 127.52376pt x 95.64177pt.
<Pictures/annni_dh01_N8_del_e_in_ene_j1.pdf, id=2490, 523.9575pt x 380.1402pt>
File: Pictures/annni_dh01_N8_del_e_in_ene_j1.pdf Graphic file (type pdf)
<use Pictures/annni_dh01_N8_del_e_in_ene_j1.pdf>
Package pdftex.def Info: Pictures/annni_dh01_N8_del_e_in_ene_j1.pdf  used on in
put line 501.
(pdftex.def)             Requested size: 131.82053pt x 95.64177pt.
 [32

 <./Pictures/annni_dh01_N8_del_e_in_ene.pdf> <./Pictures/annni_dh01_N8_del_e_in
_ene_j1.pdf

pdfTeX warning: pdflatex (file ./Pictures/annni_dh01_N8_del_e_in_ene_j1.pdf): P
DF inclusion: multiple pdfs with page group included in a single page
>]
<Pictures/annni_hv01_dh01_N8_del_e_in_ene.pdf, id=2610, 523.9575pt x 364.2408pt
>
File: Pictures/annni_hv01_dh01_N8_del_e_in_ene.pdf Graphic file (type pdf)
<use Pictures/annni_hv01_dh01_N8_del_e_in_ene.pdf>
Package pdftex.def Info: Pictures/annni_hv01_dh01_N8_del_e_in_ene.pdf  used on 
input line 519.
(pdftex.def)             Requested size: 137.57687pt x 95.64177pt.

Overfull \hbox (0.94516pt too wide) in paragraph at lines 519--519
[][] 
 []

<Pictures/annni_hv01_dh01_N8_del_e_in_ene_j1.pdf, id=2611, 519.62129pt x 367.85
431pt>
File: Pictures/annni_hv01_dh01_N8_del_e_in_ene_j1.pdf Graphic file (type pdf)
<use Pictures/annni_hv01_dh01_N8_del_e_in_ene_j1.pdf>
Package pdftex.def Info: Pictures/annni_hv01_dh01_N8_del_e_in_ene_j1.pdf  used 
on input line 519.
(pdftex.def)             Requested size: 135.09834pt x 95.64177pt.
[33

 <./Pictures/annni_hv01_dh01_N8_del_e_in_ene.pdf> <./Pictures/annni_hv01_dh01_N
8_del_e_in_ene_j1.pdf

pdfTeX warning: pdflatex (file ./Pictures/annni_hv01_dh01_N8_del_e_in_ene_j1.pd
f): PDF inclusion: multiple pdfs with page group included in a single page
>]
<Pictures/annni_dh01_N8_smin_del_e.pdf, id=2730, 462.52798pt x 346.89601pt>
File: Pictures/annni_dh01_N8_smin_del_e.pdf Graphic file (type pdf)
<use Pictures/annni_dh01_N8_smin_del_e.pdf>
Package pdftex.def Info: Pictures/annni_dh01_N8_smin_del_e.pdf  used on input l
ine 539.
(pdftex.def)             Requested size: 127.52376pt x 95.64177pt.
pdfTeX warning (ext4): destination with the same identifier (name{fig:dele_annn
i}) has been already used, duplicate ignored
<to be read again> 
                   \relax 
l.539 \end{frame}
                 pdfTeX warning (ext4): destination with the same identifier (n
ame{sub@fig:dele_annni}) has been already used, duplicate ignored
<to be read again> 
                   \relax 
l.539 \end{frame}
                 
<Pictures/annni_dh01_N8_smin_del_e_j1.pdf, id=2731, 462.52798pt x 346.89601pt>
File: Pictures/annni_dh01_N8_smin_del_e_j1.pdf Graphic file (type pdf)
<use Pictures/annni_dh01_N8_smin_del_e_j1.pdf>
Package pdftex.def Info: Pictures/annni_dh01_N8_smin_del_e_j1.pdf  used on inpu
t line 539.
(pdftex.def)             Requested size: 127.52376pt x 95.64177pt.
pdfTeX warning (ext4): destination with the same identifier (name{fig:dele_annn
i_dis}) has been already used, duplicate ignored
<to be read again> 
                   \relax 
l.539 \end{frame}
                 pdfTeX warning (ext4): destination with the same identifier (n
ame{sub@fig:dele_annni_dis}) has been already used, duplicate ignored
<to be read again> 
                   \relax 
l.539 \end{frame}
                  [34

 <./Pictures/annni_dh01_N8_smin_del_e.pdf> <./Pictures/annni_dh01_N8_smin_del_e
_j1.pdf

pdfTeX warning: pdflatex (file ./Pictures/annni_dh01_N8_smin_del_e_j1.pdf): PDF
 inclusion: multiple pdfs with page group included in a single page
>]
<Pictures/annni_hv01_dh01_N8_smin_del_e.pdf, id=2857, 462.52798pt x 346.89601pt
>
File: Pictures/annni_hv01_dh01_N8_smin_del_e.pdf Graphic file (type pdf)
<use Pictures/annni_hv01_dh01_N8_smin_del_e.pdf>
Package pdftex.def Info: Pictures/annni_hv01_dh01_N8_smin_del_e.pdf  used on in
put line 558.
(pdftex.def)             Requested size: 127.52376pt x 95.64177pt.
pdfTeX warning (ext4): destination with the same identifier (name{fig:dele_annn
i}) has been already used, duplicate ignored
<to be read again> 
                   \relax 
l.558 \end{frame}
                 pdfTeX warning (ext4): destination with the same identifier (n
ame{sub@fig:dele_annni}) has been already used, duplicate ignored
<to be read again> 
                   \relax 
l.558 \end{frame}
                 
<Pictures/annni_hv01_dh01_N8_smin_del_e_j1.pdf, id=2858, 462.52798pt x 346.8960
1pt>
File: Pictures/annni_hv01_dh01_N8_smin_del_e_j1.pdf Graphic file (type pdf)
<use Pictures/annni_hv01_dh01_N8_smin_del_e_j1.pdf>
Package pdftex.def Info: Pictures/annni_hv01_dh01_N8_smin_del_e_j1.pdf  used on
 input line 558.
(pdftex.def)             Requested size: 127.52376pt x 95.64177pt.
pdfTeX warning (ext4): destination with the same identifier (name{fig:dele_annn
i_dis}) has been already used, duplicate ignored
<to be read again> 
                   \relax 
l.558 \end{frame}
                 pdfTeX warning (ext4): destination with the same identifier (n
ame{sub@fig:dele_annni_dis}) has been already used, duplicate ignored
<to be read again> 
                   \relax 
l.558 \end{frame}
                  [35

 <./Pictures/annni_hv01_dh01_N8_smin_del_e.pdf> <./Pictures/annni_hv01_dh01_N8_
smin_del_e_j1.pdf

pdfTeX warning: pdflatex (file ./Pictures/annni_hv01_dh01_N8_smin_del_e_j1.pdf)
: PDF inclusion: multiple pdfs with page group included in a single page
>]
<Pictures/xxz_hv1_dd01_N10_smin_smax_tau_seed60.pdf, id=2981, 462.52798pt x 346
.89601pt>
File: Pictures/xxz_hv1_dd01_N10_smin_smax_tau_seed60.pdf Graphic file (type pdf
)
<use Pictures/xxz_hv1_dd01_N10_smin_smax_tau_seed60.pdf>
Package pdftex.def Info: Pictures/xxz_hv1_dd01_N10_smin_smax_tau_seed60.pdf  us
ed on input line 580.
(pdftex.def)             Requested size: 127.52376pt x 95.64177pt.
pdfTeX warning (ext4): destination with the same identifier (name{fig:smin_taua
}) has been already used, duplicate ignored
<to be read again> 
                   \relax 
l.580 \end{frame}
                 pdfTeX warning (ext4): destination with the same identifier (n
ame{sub@fig:smin_taua}) has been already used, duplicate ignored
<to be read again> 
                   \relax 
l.580 \end{frame}
                 
<Pictures/xxz_hv10_dd01_N10_smin_smax_tau_seed40.pdf, id=2982, 462.52798pt x 34
6.89601pt>
File: Pictures/xxz_hv10_dd01_N10_smin_smax_tau_seed40.pdf Graphic file (type pd
f)
<use Pictures/xxz_hv10_dd01_N10_smin_smax_tau_seed40.pdf>
Package pdftex.def Info: Pictures/xxz_hv10_dd01_N10_smin_smax_tau_seed40.pdf  u
sed on input line 580.
(pdftex.def)             Requested size: 127.52376pt x 95.64177pt.
pdfTeX warning (ext4): destination with the same identifier (name{fig:smin_taub
}) has been already used, duplicate ignored
<to be read again> 
                   \relax 
l.580 \end{frame}
                 pdfTeX warning (ext4): destination with the same identifier (n
ame{sub@fig:smin_taub}) has been already used, duplicate ignored
<to be read again> 
                   \relax 
l.580 \end{frame}
                  [36

 <./Pictures/xxz_hv1_dd01_N10_smin_smax_tau_seed60.pdf> <./Pictures/xxz_hv10_dd
01_N10_smin_smax_tau_seed40.pdf

pdfTeX warning: pdflatex (file ./Pictures/xxz_hv10_dd01_N10_smin_smax_tau_seed4
0.pdf): PDF inclusion: multiple pdfs with page group included in a single page
>]
<Pictures/xxz_hv1_dd01_N10_in_ene_samples_seed60.pdf, id=3079, 462.52798pt x 39
2.42609pt>
File: Pictures/xxz_hv1_dd01_N10_in_ene_samples_seed60.pdf Graphic file (type pd
f)
<use Pictures/xxz_hv1_dd01_N10_in_ene_samples_seed60.pdf>
Package pdftex.def Info: Pictures/xxz_hv1_dd01_N10_in_ene_samples_seed60.pdf  u
sed on input line 599.
(pdftex.def)             Requested size: 112.72397pt x 95.64177pt.
pdfTeX warning (ext4): destination with the same identifier (name{fig:smin_taua
}) has been already used, duplicate ignored
<to be read again> 
                   \relax 
l.599 \end{frame}
                 pdfTeX warning (ext4): destination with the same identifier (n
ame{sub@fig:smin_taua}) has been already used, duplicate ignored
<to be read again> 
                   \relax 
l.599 \end{frame}
                 
<Pictures/xxz_hv10_dd01_N10_in_ene_samples_seed40.pdf, id=3080, 462.52798pt x 4
02.54391pt>
File: Pictures/xxz_hv10_dd01_N10_in_ene_samples_seed40.pdf Graphic file (type p
df)
<use Pictures/xxz_hv10_dd01_N10_in_ene_samples_seed40.pdf>
Package pdftex.def Info: Pictures/xxz_hv10_dd01_N10_in_ene_samples_seed40.pdf  
used on input line 599.
(pdftex.def)             Requested size: 109.89388pt x 95.64177pt.
pdfTeX warning (ext4): destination with the same identifier (name{fig:smin_taub
}) has been already used, duplicate ignored
<to be read again> 
                   \relax 
l.599 \end{frame}
                 pdfTeX warning (ext4): destination with the same identifier (n
ame{sub@fig:smin_taub}) has been already used, duplicate ignored
<to be read again> 
                   \relax 
l.599 \end{frame}
                 pdfTeX warning (ext4): destination with the same identifier (n
ame{fig:smin_tau}) has been already used, duplicate ignored
<to be read again> 
                   \relax 
l.599 \end{frame}
                  [37

 <./Pictures/xxz_hv1_dd01_N10_in_ene_samples_seed60.pdf> <./Pictures/xxz_hv10_d
d01_N10_in_ene_samples_seed40.pdf

pdfTeX warning: pdflatex (file ./Pictures/xxz_hv10_dd01_N10_in_ene_samples_seed
40.pdf): PDF inclusion: multiple pdfs with page group included in a single page

>]
<Pictures/xxz_hv1_dd01_N10_del_e_in_ene_seed60.pdf, id=3198, 462.52798pt x 390.
25798pt>
File: Pictures/xxz_hv1_dd01_N10_del_e_in_ene_seed60.pdf Graphic file (type pdf)

<use Pictures/xxz_hv1_dd01_N10_del_e_in_ene_seed60.pdf>
Package pdftex.def Info: Pictures/xxz_hv1_dd01_N10_del_e_in_ene_seed60.pdf  use
d on input line 619.
(pdftex.def)             Requested size: 113.3521pt x 95.64177pt.
pdfTeX warning (ext4): destination with the same identifier (name{fig:smin_taua
}) has been already used, duplicate ignored
<to be read again> 
                   \relax 
l.619 \end{frame}
                 pdfTeX warning (ext4): destination with the same identifier (n
ame{sub@fig:smin_taua}) has been already used, duplicate ignored
<to be read again> 
                   \relax 
l.619 \end{frame}
                 
<Pictures/xxz_hv10_dd01_N10_del_e_in_ene_seed40.pdf, id=3199, 537.6888pt x 395.
3169pt>
File: Pictures/xxz_hv10_dd01_N10_del_e_in_ene_seed40.pdf Graphic file (type pdf
)
<use Pictures/xxz_hv10_dd01_N10_del_e_in_ene_seed40.pdf>
Package pdftex.def Info: Pictures/xxz_hv10_dd01_N10_del_e_in_ene_seed40.pdf  us
ed on input line 619.
(pdftex.def)             Requested size: 130.08171pt x 95.64177pt.
pdfTeX warning (ext4): destination with the same identifier (name{fig:smin_taub
}) has been already used, duplicate ignored
<to be read again> 
                   \relax 
l.619 \end{frame}
                 pdfTeX warning (ext4): destination with the same identifier (n
ame{sub@fig:smin_taub}) has been already used, duplicate ignored
<to be read again> 
                   \relax 
l.619 \end{frame}
                 pdfTeX warning (ext4): destination with the same identifier (n
ame{fig:smin_tau}) has been already used, duplicate ignored
<to be read again> 
                   \relax 
l.619 \end{frame}
                  [38

 <./Pictures/xxz_hv1_dd01_N10_del_e_in_ene_seed60.pdf> <./Pictures/xxz_hv10_dd0
1_N10_del_e_in_ene_seed40.pdf

pdfTeX warning: pdflatex (file ./Pictures/xxz_hv10_dd01_N10_del_e_in_ene_seed40
.pdf): PDF inclusion: multiple pdfs with page group included in a single page
>]
<Pictures/xxz_hv1_dd01_N10_smin_smax_del_e_seed60.pdf, id=3305, 462.52798pt x 3
46.89601pt>
File: Pictures/xxz_hv1_dd01_N10_smin_smax_del_e_seed60.pdf Graphic file (type p
df)
<use Pictures/xxz_hv1_dd01_N10_smin_smax_del_e_seed60.pdf>
Package pdftex.def Info: Pictures/xxz_hv1_dd01_N10_smin_smax_del_e_seed60.pdf  
used on input line 638.
(pdftex.def)             Requested size: 127.52376pt x 95.64177pt.
pdfTeX warning (ext4): destination with the same identifier (name{fig:smin_taua
}) has been already used, duplicate ignored
<to be read again> 
                   \relax 
l.638 \end{frame}
                 pdfTeX warning (ext4): destination with the same identifier (n
ame{sub@fig:smin_taua}) has been already used, duplicate ignored
<to be read again> 
                   \relax 
l.638 \end{frame}
                 
<Pictures/xxz_hv10_dd01_N10_smin_smax_del_e_seed40.pdf, id=3306, 462.52798pt x 
361.35pt>
File: Pictures/xxz_hv10_dd01_N10_smin_smax_del_e_seed40.pdf Graphic file (type 
pdf)
<use Pictures/xxz_hv10_dd01_N10_smin_smax_del_e_seed40.pdf>
Package pdftex.def Info: Pictures/xxz_hv10_dd01_N10_smin_smax_del_e_seed40.pdf 
 used on input line 638.
(pdftex.def)             Requested size: 122.42111pt x 95.64177pt.
pdfTeX warning (ext4): destination with the same identifier (name{fig:smin_taub
}) has been already used, duplicate ignored
<to be read again> 
                   \relax 
l.638 \end{frame}
                 pdfTeX warning (ext4): destination with the same identifier (n
ame{sub@fig:smin_taub}) has been already used, duplicate ignored
<to be read again> 
                   \relax 
l.638 \end{frame}
                 pdfTeX warning (ext4): destination with the same identifier (n
ame{fig:smin_tau}) has been already used, duplicate ignored
<to be read again> 
                   \relax 
l.638 \end{frame}
                  [39

 <./Pictures/xxz_hv1_dd01_N10_smin_smax_del_e_seed60.pdf> <./Pictures/xxz_hv10_
dd01_N10_smin_smax_del_e_seed40.pdf

pdfTeX warning: pdflatex (file ./Pictures/xxz_hv10_dd01_N10_smin_smax_del_e_see
d40.pdf): PDF inclusion: multiple pdfs with page group included in a single pag
e
>] [40

] [41

] [42

 </usr/share/texlive/texmf-dist/tex/latex/beamer/beamericonarticle.pdf>] [43

]
\tf@nav=\write6
\openout6 = `ppt.nav'.

\tf@toc=\write7
\openout7 = `ppt.toc'.

\tf@snm=\write8
\openout8 = `ppt.snm'.

Package atveryend Info: Empty hook `BeforeClearDocument' on input line 681.
Package atveryend Info: Empty hook `AfterLastShipout' on input line 681.
 (./ppt.aux)
Package atveryend Info: Executing hook `AtVeryEndDocument' on input line 681.
Package atveryend Info: Executing hook `AtEndAfterFileList' on input line 681.
Package rerunfilecheck Info: File `ppt.out' has not changed.
(rerunfilecheck)             Checksum: D7D92A2519612F85F12A921EF0B13AFB;774.


LaTeX Warning: There were multiply-defined labels.

 ) 
Here is how much of TeX's memory you used:
 30862 strings out of 492982
 627229 string characters out of 6134897
 656741 words of memory out of 5000000
 33718 multiletter control sequences out of 15000+600000
 545232 words of font info for 75 fonts, out of 8000000 for 9000
 1141 hyphenation exceptions out of 8191
 56i,15n,73p,10385b,637s stack positions out of 5000i,500n,10000p,200000b,80000s
</usr/share/texlive/texmf-dist/fonts/type1/public/amsfonts/cm/cmex10.pfb></us
r/share/texlive/texmf-dist/fonts/type1/public/amsfonts/cmextra/cmex9.pfb></usr/
share/texlive/texmf-dist/fonts/type1/public/amsfonts/cm/cmmi10.pfb></usr/share/
texlive/texmf-dist/fonts/type1/public/amsfonts/cm/cmmi12.pfb></usr/share/texliv
e/texmf-dist/fonts/type1/public/amsfonts/cm/cmmi7.pfb></usr/share/texlive/texmf
-dist/fonts/type1/public/amsfonts/cm/cmmi8.pfb></usr/share/texlive/texmf-dist/f
onts/type1/public/amsfonts/cm/cmmi9.pfb></usr/share/texlive/texmf-dist/fonts/ty
pe1/public/amsfonts/cm/cmss10.pfb></usr/share/texlive/texmf-dist/fonts/type1/pu
blic/amsfonts/cm/cmss12.pfb></usr/share/texlive/texmf-dist/fonts/type1/public/a
msfonts/cm/cmss17.pfb></usr/share/texlive/texmf-dist/fonts/type1/public/amsfont
s/cm/cmss8.pfb></usr/share/texlive/texmf-dist/fonts/type1/public/amsfonts/cm/cm
ss9.pfb></usr/share/texlive/texmf-dist/fonts/type1/public/amsfonts/cm/cmssi10.p
fb></usr/share/texlive/texmf-dist/fonts/type1/public/amsfonts/cm/cmssi12.pfb></
usr/share/texlive/texmf-dist/fonts/type1/public/amsfonts/cm/cmssi8.pfb></usr/sh
are/texlive/texmf-dist/fonts/type1/public/amsfonts/cm/cmssi9.pfb></usr/share/te
xlive/texmf-dist/fonts/type1/public/amsfonts/cm/cmsy10.pfb></usr/share/texlive/
texmf-dist/fonts/type1/public/amsfonts/cm/cmsy5.pfb></usr/share/texlive/texmf-d
ist/fonts/type1/public/amsfonts/cm/cmsy6.pfb></usr/share/texlive/texmf-dist/fon
ts/type1/public/amsfonts/cm/cmsy7.pfb></usr/share/texlive/texmf-dist/fonts/type
1/public/amsfonts/cm/cmsy9.pfb>
Output written on ppt.pdf (43 pages, 2564257 bytes).
PDF statistics:
 3718 PDF objects out of 4296 (max. 8388607)
 2783 compressed objects within 28 object streams
 167 named destinations out of 1000 (max. 500000)
 545 words of extra memory for PDF output out of 10000 (max. 10000000)

