\BOOKMARK [1][-]{section.1}{TFIM}{}% 1
\BOOKMARK [2][-]{subsection.1.1}{"426830A mz "526930B \040vs h}{section.1}% 2
\BOOKMARK [2][-]{subsection.1.2}{"426830A mz "526930B \040vs t}{section.1}% 3
\BOOKMARK [2][-]{subsection.1.3}{von Neuman entropy vs t}{section.1}% 4
\BOOKMARK [2][-]{subsection.1.4}{Time evolution of "426830A mz "526930B , S, "426830A sc "526930B , and l with quench at =100}{section.1}% 5
\BOOKMARK [3][-]{subsubsection.1.4.1}{Single run}{subsection.1.4}% 6
\BOOKMARK [3][-]{subsubsection.1.4.2}{Averaged over several runs}{subsection.1.4}% 7
\BOOKMARK [1][-]{section.2}{ANNNI}{}% 8
\BOOKMARK [2][-]{subsection.2.1}{Time evolution of "426830A mz "526930B , S, "426830A sc "526930B , and l with quench at =100}{section.2}% 9
\BOOKMARK [3][-]{subsubsection.2.1.1}{Single run}{subsection.2.1}% 10
\BOOKMARK [3][-]{subsubsection.2.1.2}{Averaged over several runs}{subsection.2.1}% 11
\BOOKMARK [2][-]{subsection.2.2}{Smin vs J'}{section.2}% 12
\BOOKMARK [2][-]{subsection.2.3}{"426830A mz "526930B max vs J'}{section.2}% 13
\BOOKMARK [2][-]{subsection.2.4}{Smin vs }{section.2}% 14
\BOOKMARK [2][-]{subsection.2.5}{Smin vs \040vs J'}{section.2}% 15
\BOOKMARK [2][-]{subsection.2.6}{ at \(1-SminSmax\)/2 vs J'}{section.2}% 16
\BOOKMARK [2][-]{subsection.2.7}{Smin vs \040vs J' avereged over intial eigenstates}{section.2}% 17
\BOOKMARK [2][-]{subsection.2.8}{Standard deviation vs time}{section.2}% 18
\BOOKMARK [2][-]{subsection.2.9}{Mean and Standard deviation of mean around 2 vs t}{section.2}% 19
\BOOKMARK [2][-]{subsection.2.10}{Standard deviation of mean at 2 vs }{section.2}% 20
\BOOKMARK [2][-]{subsection.2.11}{Energy resolved analysis}{section.2}% 21
\BOOKMARK [3][-]{subsubsection.2.11.1}{Initial energy vs E}{subsection.2.11}% 22
\BOOKMARK [3][-]{subsubsection.2.11.2}{Initial energy vs samples}{subsection.2.11}% 23
\BOOKMARK [3][-]{subsubsection.2.11.3}{Smin vs E}{subsection.2.11}% 24
\BOOKMARK [1][-]{section.3}{XXZ}{}% 25
\BOOKMARK [2][-]{subsection.3.1}{Time evolution of "426830A mz "526930B , S, "426830A sc "526930B , and l with quench at =100}{section.3}% 26
\BOOKMARK [3][-]{subsubsection.3.1.1}{Single run}{subsection.3.1}% 27
\BOOKMARK [3][-]{subsubsection.3.1.2}{Averaged over several runs}{subsection.3.1}% 28
\BOOKMARK [2][-]{subsection.3.2}{Energy resolved analysis}{section.3}% 29
\BOOKMARK [3][-]{subsubsection.3.2.1}{Initial energy vs E}{subsection.3.2}% 30
\BOOKMARK [3][-]{subsubsection.3.2.2}{Initial energy vs samples}{subsection.3.2}% 31
\BOOKMARK [3][-]{subsubsection.3.2.3}{Smin/Smax vs E}{subsection.3.2}% 32
\BOOKMARK [2][-]{subsection.3.3}{S S vs t}{section.3}% 33
\BOOKMARK [2][-]{subsection.3.4}{Smin/Smax vs }{section.3}% 34
